"C:/Users/Ian/Documents/GitHub/FYP-FirstBlood/FYP_FirstBlood/Content/Sounds/AS_TargetHit.uasset" 0
"../../../Engine/Content/EngineMaterials/T_Default_Material_Grid_N.uasset" 1
"../../../Engine/Content/EngineMaterials/T_Default_Material_Grid_M.uasset" 2
"../../../Engine/Content/Functions/Engine_MaterialFunctions01/Opacity/CameraDepthFade.uasset" 3
"../../../Engine/Content/EngineMaterials/WorldGridMaterial.uasset" 4
"../../../Engine/Content/BasicShapes/Cube.uasset" 5
"C:/Users/Ian/Documents/GitHub/FYP-FirstBlood/FYP_FirstBlood/Content/Materials/Target.uasset" 6
"C:/Users/Ian/Documents/GitHub/FYP-FirstBlood/FYP_FirstBlood/Content/Materials/RED.uasset" 7
"../../../Engine/Content/BasicShapes/BasicShapeMaterial.uasset" 8
"C:/Users/Ian/Documents/GitHub/FYP-FirstBlood/FYP_FirstBlood/Content/Blueprints/GunSystemAssets/BulletInteract.uasset" 9
"C:/Users/Ian/Documents/GitHub/FYP-FirstBlood/FYP_FirstBlood/Content/AnimStarterPack/UE4_Mannequin/Textures/UE4_Mannequin_MAT_MASKA.uasset" 10
"C:/Users/Ian/Documents/GitHub/FYP-FirstBlood/FYP_FirstBlood/Content/AnimStarterPack/UE4_Mannequin/Textures/UE4_Mannequin__normals.uasset" 11
"C:/Users/Ian/Documents/GitHub/FYP-FirstBlood/FYP_FirstBlood/Content/AnimStarterPack/UE4_Mannequin/Textures/UE4_LOGO_CARD.uasset" 12
"C:/Users/Ian/Documents/GitHub/FYP-FirstBlood/FYP_FirstBlood/Content/AnimStarterPack/UE4_Mannequin/Materials/MaterialLayers/T_ML_Rubber_Blue_01_N.uasset" 13
"C:/Users/Ian/Documents/GitHub/FYP-FirstBlood/FYP_FirstBlood/Content/AnimStarterPack/UE4_Mannequin/Materials/MaterialLayers/T_ML_Rubber_Blue_01_D.uasset" 14
"C:/Users/Ian/Documents/GitHub/FYP-FirstBlood/FYP_FirstBlood/Content/AnimStarterPack/UE4_Mannequin/Materials/MaterialLayers/T_ML_Aluminum01_N.uasset" 15
"C:/Users/Ian/Documents/GitHub/FYP-FirstBlood/FYP_FirstBlood/Content/AnimStarterPack/UE4_Mannequin/Materials/MaterialLayers/T_ML_Aluminum01.uasset" 16
"C:/Users/Ian/Documents/GitHub/FYP-FirstBlood/FYP_FirstBlood/Content/AnimStarterPack/UE4_Mannequin/Materials/MaterialLayers/ML_SoftMetal_UE4.uasset" 17
"C:/Users/Ian/Documents/GitHub/FYP-FirstBlood/FYP_FirstBlood/Content/AnimStarterPack/UE4_Mannequin/Materials/MaterialLayers/ML_Plastic_Shiny_Beige_LOGO.uasset" 18
"C:/Users/Ian/Documents/GitHub/FYP-FirstBlood/FYP_FirstBlood/Content/AnimStarterPack/UE4_Mannequin/Materials/MaterialLayers/ML_Plastic_Shiny_Beige.uasset" 19
"C:/Users/Ian/Documents/GitHub/FYP-FirstBlood/FYP_FirstBlood/Content/AnimStarterPack/UE4_Mannequin/Materials/MaterialLayers/ML_GlossyBlack_Latex_UE4.uasset" 20
"../../../Engine/Content/Functions/MaterialLayerFunctions/MatLayerBlend_Simple.uasset" 21
"../../../Engine/Content/Functions/Engine_MaterialFunctions02/Utility/BlendAngleCorrectedNormals.uasset" 22
"../../../Engine/Content/Functions/MaterialLayerFunctions/MatLayerBlend_NormalBlend.uasset" 23
"../../../Engine/Content/Functions/MaterialLayerFunctions/MatLayerBlend_AO.uasset" 24
"C:/Users/Ian/Documents/GitHub/FYP-FirstBlood/FYP_FirstBlood/Content/AnimStarterPack/UE4_Mannequin/Textures/UE4_Mannequin_occlusion_Mobile.uasset" 25
"C:/Users/Ian/Documents/GitHub/FYP-FirstBlood/FYP_FirstBlood/Content/AnimStarterPack/UE4_Mannequin/Materials/M_UE4Man_Body.uasset" 26
"C:/Users/Ian/Documents/GitHub/FYP-FirstBlood/FYP_FirstBlood/Content/AnimStarterPack/UE4_Mannequin/Mesh/SK_Mannequin_PhysicsAsset.uasset" 27
"C:/Users/Ian/Documents/GitHub/FYP-FirstBlood/FYP_FirstBlood/Content/AnimStarterPack/UE4_Mannequin/Textures/UE4Man_Logo_N.uasset" 28
"C:/Users/Ian/Documents/GitHub/FYP-FirstBlood/FYP_FirstBlood/Content/AnimStarterPack/UE4_Mannequin/Materials/M_UE4Man_ChestLogo.uasset" 29
"C:/Users/Ian/Documents/GitHub/FYP-FirstBlood/FYP_FirstBlood/Content/AnimStarterPack/UE4_Mannequin/Mesh/UE4_Mannequin_Skeleton.uasset" 30
"C:/Users/Ian/Documents/GitHub/FYP-FirstBlood/FYP_FirstBlood/Content/AnimStarterPack/UE4_Mannequin/Mesh/SK_Mannequin.uasset" 31
"C:/Users/Ian/Documents/GitHub/FYP-FirstBlood/FYP_FirstBlood/Content/AnimStarterPack/Ue4ASP_Character.uasset" 32
"C:/Users/Ian/Documents/GitHub/FYP-FirstBlood/FYP_FirstBlood/Content/AnimStarterPack/Jump_From_Stand.uasset" 33
"C:/Users/Ian/Documents/GitHub/FYP-FirstBlood/FYP_FirstBlood/Content/AnimStarterPack/Jump_From_Jog.uasset" 34
"C:/Users/Ian/Documents/GitHub/FYP-FirstBlood/FYP_FirstBlood/Content/AnimStarterPack/Idle_Rifle_Hip.uasset" 35
"C:/Users/Ian/Documents/GitHub/FYP-FirstBlood/FYP_FirstBlood/Content/AnimStarterPack/Crouch_Idle_Rifle_Hip.uasset" 36
"C:/Users/Ian/Documents/GitHub/FYP-FirstBlood/FYP_FirstBlood/Content/AnimStarterPack/Jog_Rt_Rifle.uasset" 37
"C:/Users/Ian/Documents/GitHub/FYP-FirstBlood/FYP_FirstBlood/Content/AnimStarterPack/Jog_Lt_Rifle.uasset" 38
"C:/Users/Ian/Documents/GitHub/FYP-FirstBlood/FYP_FirstBlood/Content/AnimStarterPack/Jog_Fwd_Rifle.uasset" 39
"C:/Users/Ian/Documents/GitHub/FYP-FirstBlood/FYP_FirstBlood/Content/AnimStarterPack/Jog_Bwd_Rifle.uasset" 40
"C:/Users/Ian/Documents/GitHub/FYP-FirstBlood/FYP_FirstBlood/Content/AnimStarterPack/BS_Jog.uasset" 41
"C:/Users/Ian/Documents/GitHub/FYP-FirstBlood/FYP_FirstBlood/Content/AnimStarterPack/Crouch_Walk_Rt_Rifle_Hip.uasset" 42
"C:/Users/Ian/Documents/GitHub/FYP-FirstBlood/FYP_FirstBlood/Content/AnimStarterPack/Crouch_Walk_Lt_Rifle_Hip.uasset" 43
"C:/Users/Ian/Documents/GitHub/FYP-FirstBlood/FYP_FirstBlood/Content/AnimStarterPack/Crouch_Walk_Fwd_Rifle_Hip.uasset" 44
"C:/Users/Ian/Documents/GitHub/FYP-FirstBlood/FYP_FirstBlood/Content/AnimStarterPack/Crouch_Walk_Bwd_Rifle_Hip.uasset" 45
"C:/Users/Ian/Documents/GitHub/FYP-FirstBlood/FYP_FirstBlood/Content/AnimStarterPack/BS_CrouchWalk.uasset" 46
"C:/Users/Ian/Documents/GitHub/FYP-FirstBlood/FYP_FirstBlood/Content/AnimStarterPack/UE4ASP_HeroTPP_AnimBlueprint.uasset" 47
"C:/Users/Ian/Documents/GitHub/FYP-FirstBlood/FYP_FirstBlood/Content/MainMenu/FROSTBITE-Narrow.uasset" 48
"C:/Users/Ian/Documents/GitHub/FYP-FirstBlood/FYP_FirstBlood/Content/MainMenu/FROSTBITE-Narrow_Font.uasset" 49
"C:/Users/Ian/Documents/GitHub/FYP-FirstBlood/FYP_FirstBlood/Content/ButtonState3.uasset" 50
"C:/Users/Ian/Documents/GitHub/FYP-FirstBlood/FYP_FirstBlood/Content/ButtonState2.uasset" 51
"C:/Users/Ian/Documents/GitHub/FYP-FirstBlood/FYP_FirstBlood/Content/ButtonState1.uasset" 52
"C:/Users/Ian/Documents/GitHub/FYP-FirstBlood/FYP_FirstBlood/Content/UI_Assets/PauseMenu.uasset" 53
"C:/Users/Ian/Documents/GitHub/FYP-FirstBlood/FYP_FirstBlood/Content/UI_Assets/Ian_LUT.uasset" 54
"C:/Users/Ian/Documents/GitHub/FYP-FirstBlood/FYP_FirstBlood/Content/Sounds/Shot.uasset" 55
"C:/Users/Ian/Documents/GitHub/FYP-FirstBlood/FYP_FirstBlood/Content/Meshes/FPS_Weapon_Bundle/Weapons/Textures/AR4/T_AR4_NRM.uasset" 56
"C:/Users/Ian/Documents/GitHub/FYP-FirstBlood/FYP_FirstBlood/Content/Meshes/FPS_Weapon_Bundle/Weapons/Textures/AR4/T_AR4_M_MSK.uasset" 57
"C:/Users/Ian/Documents/GitHub/FYP-FirstBlood/FYP_FirstBlood/Content/Meshes/FPS_Weapon_Bundle/Weapons/Textures/AR4/T_AR4_ALB.uasset" 58
"C:/Users/Ian/Documents/GitHub/FYP-FirstBlood/FYP_FirstBlood/Content/Meshes/FPS_Weapon_Bundle/Weapons/Textures/Patterns/T_Stripes__Pattern.uasset" 59
"C:/Users/Ian/Documents/GitHub/FYP-FirstBlood/FYP_FirstBlood/Content/Meshes/FPS_Weapon_Bundle/Weapons/Textures/KA74U/T_KA74U_NRM.uasset" 60
"C:/Users/Ian/Documents/GitHub/FYP-FirstBlood/FYP_FirstBlood/Content/Meshes/FPS_Weapon_Bundle/Weapons/Textures/KA74U/T_KA74U_M_MSK.uasset" 61
"C:/Users/Ian/Documents/GitHub/FYP-FirstBlood/FYP_FirstBlood/Content/Meshes/FPS_Weapon_Bundle/Weapons/Textures/KA74U/T_KA74U_ALB.uasset" 62
"C:/Users/Ian/Documents/GitHub/FYP-FirstBlood/FYP_FirstBlood/Content/Meshes/FPS_Weapon_Bundle/Weapons/Materials/Master_Material/M_Weapon_Master_USE.uasset" 63
"C:/Users/Ian/Documents/GitHub/FYP-FirstBlood/FYP_FirstBlood/Content/Meshes/FPS_Weapon_Bundle/Weapons/Materials/AR4/M_AR4.uasset" 64
"C:/Users/Ian/Documents/GitHub/FYP-FirstBlood/FYP_FirstBlood/Content/Meshes/FPS_Weapon_Bundle/Weapons/Meshes/AR4/SM_AR4.uasset" 65
"C:/Users/Ian/Documents/GitHub/FYP-FirstBlood/FYP_FirstBlood/Content/FirstPerson/Character/Mesh/SK_Mannequin_Arms_PhysicsAsset.uasset" 66
"C:/Users/Ian/Documents/GitHub/FYP-FirstBlood/FYP_FirstBlood/Content/FirstPerson/Character/Textures/UE4_Mannequin_MAT_MASKA.uasset" 67
"C:/Users/Ian/Documents/GitHub/FYP-FirstBlood/FYP_FirstBlood/Content/FirstPerson/Character/Textures/UE4_Mannequin__normals.uasset" 68
"C:/Users/Ian/Documents/GitHub/FYP-FirstBlood/FYP_FirstBlood/Content/FirstPerson/Character/Materials/MaterialLayers/T_ML_Aluminum01_N.uasset" 69
"C:/Users/Ian/Documents/GitHub/FYP-FirstBlood/FYP_FirstBlood/Content/FirstPerson/Character/Materials/MaterialLayers/T_ML_Aluminum01.uasset" 70
"C:/Users/Ian/Documents/GitHub/FYP-FirstBlood/FYP_FirstBlood/Content/FirstPerson/Character/Materials/MaterialLayers/ML_SoftMetal_UE4.uasset" 71
"C:/Users/Ian/Documents/GitHub/FYP-FirstBlood/FYP_FirstBlood/Content/FirstPerson/Character/Textures/UE4_LOGO_CARD.uasset" 72
"C:/Users/Ian/Documents/GitHub/FYP-FirstBlood/FYP_FirstBlood/Content/FirstPerson/Character/Materials/MaterialLayers/ML_Plastic_Shiny_Beige_LOGO.uasset" 73
"C:/Users/Ian/Documents/GitHub/FYP-FirstBlood/FYP_FirstBlood/Content/FirstPerson/Character/Materials/MaterialLayers/ML_Plastic_Shiny_Beige.uasset" 74
"C:/Users/Ian/Documents/GitHub/FYP-FirstBlood/FYP_FirstBlood/Content/FirstPerson/Character/Materials/MaterialLayers/T_ML_Rubber_Blue_01_N.uasset" 75
"C:/Users/Ian/Documents/GitHub/FYP-FirstBlood/FYP_FirstBlood/Content/FirstPerson/Character/Materials/MaterialLayers/T_ML_Rubber_Blue_01_D.uasset" 76
"C:/Users/Ian/Documents/GitHub/FYP-FirstBlood/FYP_FirstBlood/Content/FirstPerson/Character/Materials/MaterialLayers/ML_GlossyBlack_Latex_UE4.uasset" 77
"C:/Users/Ian/Documents/GitHub/FYP-FirstBlood/FYP_FirstBlood/Content/FirstPerson/Character/Materials/M_UE4Man_Body.uasset" 78
"C:/Users/Ian/Documents/GitHub/FYP-FirstBlood/FYP_FirstBlood/Content/FirstPerson/Character/Mesh/SK_Mannequin_Arms_Skeleton.uasset" 79
"C:/Users/Ian/Documents/GitHub/FYP-FirstBlood/FYP_FirstBlood/Content/FirstPerson/Character/Mesh/SK_Mannequin_Arms.uasset" 80
"C:/Users/Ian/Documents/GitHub/FYP-FirstBlood/FYP_FirstBlood/Content/Blueprints/GunSystemAssets/ProjectileTypes.uasset" 81
"C:/Users/Ian/Documents/GitHub/FYP-FirstBlood/FYP_FirstBlood/Content/Blueprints/GunSystemAssets/WeaponStruct.uasset" 82
"C:/Users/Ian/Documents/GitHub/FYP-FirstBlood/FYP_FirstBlood/Content/Blueprints/GunSystemAssets/WeaponPickupTypes.uasset" 83
"../../Plugins/FX/Niagara/Content/Modules/Update/Size/ScaleSpriteSize.uasset" 84
"../../Plugins/FX/Niagara/Content/DynamicInputs/TypeConversions/Vector2DFromFloat.uasset" 85
"../../Plugins/FX/Niagara/Content/DynamicInputs/Helpers/SimulationPosition.uasset" 86
"../../Plugins/FX/Niagara/Content/Enums/ENiagaraRandomnessMode.uasset" 87
"../../Plugins/FX/Niagara/Content/Enums/ENiagaraCoordinateSpace.uasset" 88
"../../Plugins/FX/Niagara/Content/Functions/GetRandomInfo.uasset" 89
"../../Plugins/FX/Niagara/Content/Functions/RandomRangeFloat.uasset" 90
"../../Plugins/FX/Niagara/Content/Functions/RandomUnitVector.uasset" 91
"../../Plugins/FX/Niagara/Content/Functions/RandomVector.uasset" 92
"../../Plugins/FX/Niagara/Content/Functions/DirectionAndLengthSafe.uasset" 93
"../../Plugins/FX/Niagara/Content/Functions/NormalizeDistanceRange.uasset" 94
"../../Plugins/FX/Niagara/Content/Functions/DistanceBasedFalloff.uasset" 95
"../../Plugins/FX/Niagara/Content/Functions/Localspace/TransformBase.uasset" 96
"../../Plugins/FX/Niagara/Content/Functions/Localspace/TransformVector.uasset" 97
"../../Plugins/FX/Niagara/Content/Functions/Localspace/SimulationPosition.uasset" 98
"../../Plugins/FX/Niagara/Content/Modules/Spawn/Velocity/AddVelocityFromPoint.uasset" 99
"../../Plugins/FX/Niagara/Content/Enums/ENiagaraRandomnessEvaluation.uasset" 100
"../../Plugins/FX/Niagara/Content/Functions/V2/CalculateRandomRangeFloat.uasset" 101
"../../Plugins/FX/Niagara/Content/Modules/Emitter/SpawnBurst_Instantaneous.uasset" 102
"../../Plugins/FX/Niagara/Content/Enums/ENiagaraSystemInactiveMode.uasset" 103
"../../Plugins/FX/Niagara/Content/Enums/ENiagaraSphereDistributionMode.uasset" 104
"../../Plugins/FX/Niagara/Content/Enums/ENiagaraScaleColorMode.uasset" 105
"../../Plugins/FX/Niagara/Content/Enums/ENiagaraInactiveMode.uasset" 106
"../../Plugins/FX/Niagara/Content/Enums/ENiagaraExpansionMode.uasset" 107
"../../Plugins/FX/Niagara/Content/Enums/ENiagaraEmitterScalabilityMode_Limited.uasset" 108
"../../Plugins/FX/Niagara/Content/Enums/ENiagaraEmitterLifeCycleMode.uasset" 109
"../../Plugins/FX/Niagara/Content/Enums/ENiagaraChannelCorrelation.uasset" 110
"../../Plugins/FX/Niagara/Content/Enums/ENiagara_UVFlippingMode.uasset" 111
"../../Plugins/FX/Niagara/Content/Enums/ENiagara_SpriteRotationMode.uasset" 112
"../../Plugins/FX/Niagara/Content/Enums/ENiagara_PositionInitializationMode.uasset" 113
"../../Plugins/FX/Niagara/Content/Enums/ENiagara_MassInitializationMode.uasset" 114
"../../Plugins/FX/Niagara/Content/Enums/ENiagara_LifetimeMode.uasset" 115
"../../Plugins/FX/Niagara/Content/Enums/ENiagara_InfiniteLoopDuration.uasset" 116
"../../Plugins/FX/Niagara/Content/Enums/ENiagara_EmitterStateOptions.uasset" 117
"../../Plugins/FX/Niagara/Content/Enums/ENiagara_ColorInitializationMode.uasset" 118
"../../Plugins/FX/Niagara/Content/Modules/Update/Lifetime/ParticleState.uasset" 119
"../../Plugins/FX/Niagara/Content/Modules/Update/Forces/GravityForce.uasset" 120
"../../Plugins/FX/Niagara/Content/Modules/Update/Forces/Drag.uasset" 121
"../../Plugins/FX/Niagara/Content/Modules/Update/Color/ScaleColor.uasset" 122
"../../Plugins/FX/Niagara/Content/Functions/System/SystemChangeState.uasset" 123
"../../Plugins/FX/Niagara/Content/Modules/System/SystemState.uasset" 124
"../../Plugins/FX/Niagara/Content/Functions/V2/CalculateRandomRange.uasset" 125
"../../Plugins/FX/Niagara/Content/Functions/V2/CalculateRandomPointInSphere.uasset" 126
"../../Plugins/FX/Niagara/Content/Functions/SphericalToCartesianCoordinates.uasset" 127
"../../Plugins/FX/Niagara/Content/Functions/Rotation/MultiplyVectorWithQuaternion.uasset" 128
"../../Plugins/FX/Niagara/Content/Functions/Rotation/FindQuatBetween.uasset" 129
"../../Plugins/FX/Niagara/Content/Modules/Spawn/Location/V2/SphereLocation.uasset" 130
"../../Plugins/FX/Niagara/Content/Enums/ENiagara_SizeScaleMode.uasset" 131
"../../Plugins/FX/Niagara/Content/Functions/LinearColor/HueShiftLinearColor.uasset" 132
"../../Plugins/FX/Niagara/Content/Functions/V2/CalculateRandomRangeInteger.uasset" 133
"../../Plugins/FX/Niagara/Content/Functions/V2/CalculateRandomBool.uasset" 134
"../../Plugins/FX/Niagara/Content/Modules/Spawn/Initialization/V2/InitializeParticle.uasset" 135
"../../Plugins/FX/Niagara/Content/Modules/Solvers/SolveForcesAndVelocity.uasset" 136
"../../Plugins/FX/Niagara/Content/Functions/Emitter/EmitterChangeState.uasset" 137
"../../Plugins/FX/Niagara/Content/Enums/ENiagaraExecutionStateManagement.uasset" 138
"../../Plugins/FX/Niagara/Content/Modules/Emitter/EmitterState.uasset" 139
"../../Plugins/FX/Niagara/Content/DynamicInputs/ValueFromCurve/FloatFromCurve.uasset" 140
"../../Plugins/FX/Niagara/Content/DynamicInputs/UniformRange/V2/RandomRangeFloat.uasset" 141
"../../Plugins/FX/Niagara/Content/DefaultAssets/DefaultSpriteMaterial.uasset" 142
"C:/Users/Ian/Documents/GitHub/FYP-FirstBlood/FYP_FirstBlood/Content/Blueprints/GunSystemAssets/NS_MuzzleFlash.uasset" 143
"C:/Users/Ian/Documents/GitHub/FYP-FirstBlood/FYP_FirstBlood/Content/Meshes/Sniper/364_2.uasset" 144
"C:/Users/Ian/Documents/GitHub/FYP-FirstBlood/FYP_FirstBlood/Content/Meshes/Sniper/360_2.uasset" 145
"C:/Users/Ian/Documents/GitHub/FYP-FirstBlood/FYP_FirstBlood/Content/Meshes/Sniper/Material_146.uasset" 146
"C:/Users/Ian/Documents/GitHub/FYP-FirstBlood/FYP_FirstBlood/Content/Meshes/Sniper/PSL_Rifle.uasset" 147
"C:/Users/Ian/Documents/GitHub/FYP-FirstBlood/FYP_FirstBlood/Content/Meshes/GrenadeLauncher/textures/topaint1309_uv_overlapped_bomb1_baked_Norm.uasset" 148
"C:/Users/Ian/Documents/GitHub/FYP-FirstBlood/FYP_FirstBlood/Content/Meshes/GrenadeLauncher/textures/topaint1309_uv_overlapped_bomb1_baked_Meta.uasset" 149
"C:/Users/Ian/Documents/GitHub/FYP-FirstBlood/FYP_FirstBlood/Content/Meshes/GrenadeLauncher/textures/topaint1309_uv_overlapped_bomb1_baked_Base.uasset" 150
"C:/Users/Ian/Documents/GitHub/FYP-FirstBlood/FYP_FirstBlood/Content/Meshes/GrenadeLauncher/textures/topaint1309_uv_overlapped_bomb1_baked_AO.uasset" 151
"C:/Users/Ian/Documents/GitHub/FYP-FirstBlood/FYP_FirstBlood/Content/Meshes/GrenadeLauncher/textures/Roughness_scetchfab.uasset" 152
"C:/Users/Ian/Documents/GitHub/FYP-FirstBlood/FYP_FirstBlood/Content/Meshes/GrenadeLauncher/textures/topaint1309_uv_overlapped_bomb1_baked_Base_Mat.uasset" 153
"C:/Users/Ian/Documents/GitHub/FYP-FirstBlood/FYP_FirstBlood/Content/Meshes/GrenadeLauncher/SM_chinalake.uasset" 154
"C:/Users/Ian/Documents/GitHub/FYP-FirstBlood/FYP_FirstBlood/Content/Meshes/FPS_Weapon_Bundle/Weapons/Textures/SMG11/T_SMG11_Rem_NRM.uasset" 155
"C:/Users/Ian/Documents/GitHub/FYP-FirstBlood/FYP_FirstBlood/Content/Meshes/FPS_Weapon_Bundle/Weapons/Textures/SMG11/T_SMG11_Rem_M_MSK.uasset" 156
"C:/Users/Ian/Documents/GitHub/FYP-FirstBlood/FYP_FirstBlood/Content/Meshes/FPS_Weapon_Bundle/Weapons/Textures/SMG11/T_SMG11_Rem_ALB.uasset" 157
"C:/Users/Ian/Documents/GitHub/FYP-FirstBlood/FYP_FirstBlood/Content/Meshes/FPS_Weapon_Bundle/Weapons/Materials/SMG11/M_SMG11_Rem.uasset" 158
"C:/Users/Ian/Documents/GitHub/FYP-FirstBlood/FYP_FirstBlood/Content/Meshes/FPS_Weapon_Bundle/Weapons/Textures/SMG11/T_SMG11_NRM.uasset" 159
"C:/Users/Ian/Documents/GitHub/FYP-FirstBlood/FYP_FirstBlood/Content/Meshes/FPS_Weapon_Bundle/Weapons/Textures/SMG11/T_SMG11_M_MSK.uasset" 160
"C:/Users/Ian/Documents/GitHub/FYP-FirstBlood/FYP_FirstBlood/Content/Meshes/FPS_Weapon_Bundle/Weapons/Textures/SMG11/T_SMG11_ALB.uasset" 161
"C:/Users/Ian/Documents/GitHub/FYP-FirstBlood/FYP_FirstBlood/Content/Meshes/FPS_Weapon_Bundle/Weapons/Materials/SMG11/M_SMG11.uasset" 162
"C:/Users/Ian/Documents/GitHub/FYP-FirstBlood/FYP_FirstBlood/Content/Meshes/FPS_Weapon_Bundle/Weapons/Meshes/SMG11/SM_SMG11_Y.uasset" 163
"C:/Users/Ian/Documents/GitHub/FYP-FirstBlood/FYP_FirstBlood/Content/Blueprints/GunSystemAssets/WeaponDataTable.uasset" 164
"C:/Users/Ian/Documents/GitHub/FYP-FirstBlood/FYP_FirstBlood/Content/Sounds/Boom.uasset" 165
"C:/Users/Ian/Documents/GitHub/FYP-FirstBlood/FYP_FirstBlood/Content/Meshes/FPS_Weapon_Bundle/Weapons/Textures/G67_Grenade/T_G67_NRM.uasset" 166
"C:/Users/Ian/Documents/GitHub/FYP-FirstBlood/FYP_FirstBlood/Content/Meshes/FPS_Weapon_Bundle/Weapons/Textures/G67_Grenade/T_G67_M_MSK.uasset" 167
"C:/Users/Ian/Documents/GitHub/FYP-FirstBlood/FYP_FirstBlood/Content/Meshes/FPS_Weapon_Bundle/Weapons/Textures/G67_Grenade/T_G67_ALB.uasset" 168
"C:/Users/Ian/Documents/GitHub/FYP-FirstBlood/FYP_FirstBlood/Content/Meshes/FPS_Weapon_Bundle/Weapons/Materials/G67_Grenade/M_G67.uasset" 169
"C:/Users/Ian/Documents/GitHub/FYP-FirstBlood/FYP_FirstBlood/Content/Meshes/FPS_Weapon_Bundle/Weapons/Meshes/G67_Grenade/SM_G67_Thrown.uasset" 170
"../../Plugins/FX/Niagara/Content/Enums/ENiagaraRestitutionMergeType.uasset" 171
"../../Plugins/FX/Niagara/Content/Enums/ENiagaraFrictionMergeType.uasset" 172
"../../Plugins/FX/Niagara/Content/Enums/ENiagaraCollisionRadiusOptions.uasset" 173
"../../Plugins/FX/Niagara/Content/Enums/ENiagara_GPUCollisionType.uasset" 174
"../../Plugins/FX/Niagara/Content/Enums/ENiagara_CPUCollisionType.uasset" 175
"../../Plugins/FX/Niagara/Content/Enums/ENiagaraCalculateRadiusOptions.uasset" 176
"../../Plugins/FX/Niagara/Content/Modules/Collision/SceneDepthTest.uasset" 177
"../../Plugins/FX/Niagara/Content/Modules/Collision/NiagaraDistanceFieldCollisions.uasset" 178
"../../Plugins/FX/Niagara/Content/Functions/Collision/RandomizeCollisionNormals.uasset" 179
"../../Plugins/FX/Niagara/Content/Functions/Collision/PlaneSphereCollisionDetection.uasset" 180
"../../Plugins/FX/Niagara/Content/Functions/ReflectVector.uasset" 181
"../../Plugins/FX/Niagara/Content/Functions/ProjectVectorOnPlane.uasset" 182
"../../Plugins/FX/Niagara/Content/Functions/Math/CentimeterMeterConversion.uasset" 183
"../../Plugins/FX/Niagara/Content/Modules/Collision/CollisionQueryAndResponse.uasset" 184
"../../Plugins/FX/Niagara/Content/Functions/Helpers/DoOnce_fn.uasset" 185
"../../Plugins/FX/Niagara/Content/Functions/Rotation/AxisAngleToQuaternion.uasset" 186
"../../Plugins/FX/Niagara/Content/Functions/Rotation/MultiplyQuaternion.uasset" 187
"../../Plugins/FX/Niagara/Content/Functions/Localspace/TransformPosition.uasset" 188
"../../Plugins/FX/Niagara/Content/Functions/CalculateRadiusFromSpriteSize.uasset" 189
"../../Plugins/FX/Niagara/Content/Functions/CalculateMeshRadius.uasset" 190
"../../Plugins/FX/Niagara/Content/Modules/Collision/Collision.uasset" 191
"C:/Users/Ian/Documents/GitHub/FYP-FirstBlood/FYP_FirstBlood/Content/Blueprints/GunSystemAssets/NS_GrenadeExplosion.uasset" 192
"C:/Users/Ian/Documents/GitHub/FYP-FirstBlood/FYP_FirstBlood/Content/Blueprints/GunSystemAssets/BP_Projectile.uasset" 193
"../../../Engine/Content/EditorBlueprintResources/StandardMacros.uasset" 194
"C:/Users/Ian/Documents/GitHub/FYP-FirstBlood/FYP_FirstBlood/Content/UI_Assets/BP_SettingsMenu.uasset" 195
"../../../Engine/Content/EngineMaterials/DefaultMaterial.uasset" 196
"../../../Engine/Content/BasicShapes/Sphere.uasset" 197
"../../Plugins/FX/Niagara/Content/Modules/Update/Size/ScaleSpriteSizeBySpeed.uasset" 198
"../../Plugins/FX/Niagara/Content/Functions/Math/RemapValueRange.uasset" 199
"../../Plugins/FX/Niagara/Content/Functions/PolarToCartesianCoordinates.uasset" 200
"../../Plugins/FX/Niagara/Content/Functions/RandomVectorInCone.uasset" 201
"../../Plugins/FX/Niagara/Content/Modules/Spawn/Velocity/AddVelocityInCone.uasset" 202
"../../Plugins/FX/Niagara/Content/Modules/Emitter/SpawnRate.uasset" 203
"C:/Users/Ian/Documents/GitHub/FYP-FirstBlood/FYP_FirstBlood/Content/Blueprints/GunSystemAssets/NS_BulletTrail.uasset" 204
"C:/Users/Ian/Documents/GitHub/FYP-FirstBlood/FYP_FirstBlood/Content/Blueprints/GunSystemAssets/BP_Bullet.uasset" 205
"C:/Users/Ian/Documents/GitHub/FYP-FirstBlood/FYP_FirstBlood/Content/FirstPerson/Animations/FirstPerson_Run.uasset" 206
"C:/Users/Ian/Documents/GitHub/FYP-FirstBlood/FYP_FirstBlood/Content/FirstPerson/Animations/FirstPerson_JumpStart.uasset" 207
"C:/Users/Ian/Documents/GitHub/FYP-FirstBlood/FYP_FirstBlood/Content/FirstPerson/Animations/FirstPerson_JumpLoop.uasset" 208
"C:/Users/Ian/Documents/GitHub/FYP-FirstBlood/FYP_FirstBlood/Content/FirstPerson/Animations/FirstPerson_JumpEnd.uasset" 209
"../../../Engine/Content/Animation/DefaultAnimCurveCompressionSettings.uasset" 210
"../../../Engine/Content/Animation/DefaultAnimBoneCompressionSettings.uasset" 211
"C:/Users/Ian/Documents/GitHub/FYP-FirstBlood/FYP_FirstBlood/Content/FirstPerson/Animations/FirstPerson_Idle.uasset" 212
"C:/Users/Ian/Documents/GitHub/FYP-FirstBlood/FYP_FirstBlood/Content/FirstPerson/Animations/FirstPerson_AnimBP.uasset" 213
"C:/Users/Ian/Documents/GitHub/FYP-FirstBlood/FYP_FirstBlood/Content/UI_Assets/T_CrosshairTop.uasset" 214
"C:/Users/Ian/Documents/GitHub/FYP-FirstBlood/FYP_FirstBlood/Content/UI_Assets/T_CrosshairRight.uasset" 215
"C:/Users/Ian/Documents/GitHub/FYP-FirstBlood/FYP_FirstBlood/Content/UI_Assets/T_CrosshairLeft.uasset" 216
"C:/Users/Ian/Documents/GitHub/FYP-FirstBlood/FYP_FirstBlood/Content/UI_Assets/T_CrosshairCentre.uasset" 217
"C:/Users/Ian/Documents/GitHub/FYP-FirstBlood/FYP_FirstBlood/Content/UI_Assets/T_CrosshairBottom.uasset" 218
"C:/Users/Ian/Documents/GitHub/FYP-FirstBlood/FYP_FirstBlood/Content/UI_Assets/MP_Reload.uasset" 219
"C:/Users/Ian/Documents/GitHub/FYP-FirstBlood/FYP_FirstBlood/Content/UI_Assets/MT_Reload.uasset" 220
"C:/Users/Ian/Documents/GitHub/FYP-FirstBlood/FYP_FirstBlood/Content/UI_Assets/M_Reload.uasset" 221
"C:/Users/Ian/Documents/GitHub/FYP-FirstBlood/FYP_FirstBlood/Content/Movies/CircularProgress.uasset" 222
"C:/Users/Ian/Documents/GitHub/FYP-FirstBlood/FYP_FirstBlood/Content/UI_Assets/BP_HUD.uasset" 223
"C:/Users/Ian/Documents/GitHub/FYP-FirstBlood/FYP_FirstBlood/Content/Blueprints/BP_WeaponPickup.uasset" 224
"C:/Users/Ian/Documents/GitHub/FYP-FirstBlood/FYP_FirstBlood/Content/Blueprints/BP_Player.uasset" 225
"C:/Users/Ian/Documents/GitHub/FYP-FirstBlood/FYP_FirstBlood/Content/Materials/GoodTarget.uasset" 226
"C:/Users/Ian/Documents/GitHub/FYP-FirstBlood/FYP_FirstBlood/Content/Blueprints/BP_FiringTarget.uasset" 227
"C:/Users/Ian/Documents/GitHub/FYP-FirstBlood/FYP_FirstBlood/Content/BP_FiringTarget.uasset" 228
"C:/Users/Ian/Documents/GitHub/FYP-FirstBlood/FYP_FirstBlood/Content/Blueprints/BP_Target.uasset" 229
"C:/Users/Ian/Documents/GitHub/FYP-FirstBlood/FYP_FirstBlood/Content/BP_Target.uasset" 230
"../../Plugins/2D/Paper2D/Content/PlaceholderTextures/FlatNormalMap.uasset" 231
"C:/Users/Ian/Documents/GitHub/FYP-FirstBlood/FYP_FirstBlood/Content/MSPresets/MSTextures/Metalness.uasset" 232
"../../../Engine/Content/EngineResources/Black.uasset" 233
"../../../Engine/Content/EngineMaterials/DefaultNormal.uasset" 234
"../../../Engine/Content/EngineMaterials/DefaultDiffuse.uasset" 235
"../../../Engine/Content/ArtTools/RenderToTexture/Textures/127grey.uasset" 236
"C:/Users/Ian/Documents/GitHub/FYP-FirstBlood/FYP_FirstBlood/Content/MSPresets/MS_DefaultMaterial/Functions/MF_Transmission.uasset" 237
"../../../Engine/Content/Functions/Engine_MaterialFunctions02/Texturing/CustomRotator.uasset" 238
"C:/Users/Ian/Documents/GitHub/FYP-FirstBlood/FYP_FirstBlood/Content/MSPresets/MS_DefaultMaterial/Functions/MF_Tiling.uasset" 239
"C:/Users/Ian/Documents/GitHub/FYP-FirstBlood/FYP_FirstBlood/Content/MSPresets/MS_DefaultMaterial/Functions/MF_MapAdjustments.uasset" 240
"C:/Users/Ian/Documents/GitHub/FYP-FirstBlood/FYP_FirstBlood/Content/MSPresets/MS_DefaultMaterial/Functions/MF_DetailNormalTiling.uasset" 241
"C:/Users/Ian/Documents/GitHub/FYP-FirstBlood/FYP_FirstBlood/Content/MSPresets/MS_DefaultMaterial/MS_DefaultMaterial.uasset" 242
"C:/Users/Ian/Documents/GitHub/FYP-FirstBlood/FYP_FirstBlood/Content/Megascans/Surfaces/M_PartialWornWood_WysS3NPl7k-8vi6cGz4zLQ/Roughness_2K_WysS3NPl7k-8vi6cGz4zLQ.uasset" 243
"C:/Users/Ian/Documents/GitHub/FYP-FirstBlood/FYP_FirstBlood/Content/Megascans/Surfaces/M_PartialWornWood_WysS3NPl7k-8vi6cGz4zLQ/Normal_2K_WysS3NPl7k-8vi6cGz4zLQ.uasset" 244
"C:/Users/Ian/Documents/GitHub/FYP-FirstBlood/FYP_FirstBlood/Content/Megascans/Surfaces/M_PartialWornWood_WysS3NPl7k-8vi6cGz4zLQ/Albedo_2K_WysS3NPl7k-8vi6cGz4zLQ.uasset" 245
"C:/Users/Ian/Documents/GitHub/FYP-FirstBlood/FYP_FirstBlood/Content/Megascans/Surfaces/M_PartialWornWood_WysS3NPl7k-8vi6cGz4zLQ/M_PartialWornWood_WysS3NPl7k-8vi6cGz4zLQ_inst.uasset" 246
"C:/Users/Ian/Documents/GitHub/FYP-FirstBlood/FYP_FirstBlood/Content/Megascans/Surfaces/M_PartialWornWood_WysS3NPl7k-8vi6cGz4zLQ/TiledWoodLarge.uasset" 247
"C:/Users/Ian/Documents/GitHub/FYP-FirstBlood/FYP_FirstBlood/Content/Blueprints/BP_WallLarge.uasset" 248
"C:/Users/Ian/Documents/GitHub/FYP-FirstBlood/FYP_FirstBlood/Content/BP_WallLarge.uasset" 249
"C:/Users/Ian/Documents/GitHub/FYP-FirstBlood/FYP_FirstBlood/Content/Megascans/Surfaces/M_PartialWornWood_WysS3NPl7k-8vi6cGz4zLQ/TiledWoodMedium.uasset" 250
"C:/Users/Ian/Documents/GitHub/FYP-FirstBlood/FYP_FirstBlood/Content/Blueprints/BP_WallMedium.uasset" 251
"C:/Users/Ian/Documents/GitHub/FYP-FirstBlood/FYP_FirstBlood/Content/BP_WallMedium.uasset" 252
"C:/Users/Ian/Documents/GitHub/FYP-FirstBlood/FYP_FirstBlood/Content/Megascans/Surfaces/M_PartialWornWood_WysS3NPl7k-8vi6cGz4zLQ/TiledWoodSmall.uasset" 253
"C:/Users/Ian/Documents/GitHub/FYP-FirstBlood/FYP_FirstBlood/Content/Blueprints/BP_WallSmall.uasset" 254
"C:/Users/Ian/Documents/GitHub/FYP-FirstBlood/FYP_FirstBlood/Content/BP_WallSmall.uasset" 255
"C:/Users/Ian/Documents/GitHub/FYP-FirstBlood/FYP_FirstBlood/Content/BP_WeaponPickup.uasset" 256
"C:/Users/Ian/Documents/GitHub/FYP-FirstBlood/FYP_FirstBlood/Content/Blueprints/GM_GameMode.uasset" 257
"C:/Users/Ian/Documents/GitHub/FYP-FirstBlood/FYP_FirstBlood/Content/GM_GameMode.uasset" 258
"C:/Users/Ian/Documents/GitHub/FYP-FirstBlood/FYP_FirstBlood/Content/GoodTarget.uasset" 259
"C:/Users/Ian/Documents/GitHub/FYP-FirstBlood/FYP_FirstBlood/Content/AnimStarterPack/Aim_Space_Hip.uasset" 260
"C:/Users/Ian/Documents/GitHub/FYP-FirstBlood/FYP_FirstBlood/Content/AnimStarterPack/Aim_Space_Ironsights.uasset" 261
"C:/Users/Ian/Documents/GitHub/FYP-FirstBlood/FYP_FirstBlood/Content/AnimStarterPack/Crouch_to_Stand_Rifle_Hip.uasset" 262
"C:/Users/Ian/Documents/GitHub/FYP-FirstBlood/FYP_FirstBlood/Content/AnimStarterPack/Crouch_to_Stand_Rifle_Ironsights.uasset" 263
"C:/Users/Ian/Documents/GitHub/FYP-FirstBlood/FYP_FirstBlood/Content/AnimStarterPack/Crouch_Walk_Bwd_Rifle_Ironsights.uasset" 264
"C:/Users/Ian/Documents/GitHub/FYP-FirstBlood/FYP_FirstBlood/Content/AnimStarterPack/Crouch_Walk_Lt_Rifle_Ironsights.uasset" 265
"C:/Users/Ian/Documents/GitHub/FYP-FirstBlood/FYP_FirstBlood/Content/AnimStarterPack/Crouch_Walk_Rt_Rifle_Ironsights.uasset" 266
"C:/Users/Ian/Documents/GitHub/FYP-FirstBlood/FYP_FirstBlood/Content/AnimStarterPack/Death_1.uasset" 267
"C:/Users/Ian/Documents/GitHub/FYP-FirstBlood/FYP_FirstBlood/Content/AnimStarterPack/Death_2.uasset" 268
"C:/Users/Ian/Documents/GitHub/FYP-FirstBlood/FYP_FirstBlood/Content/AnimStarterPack/Death_3.uasset" 269
"C:/Users/Ian/Documents/GitHub/FYP-FirstBlood/FYP_FirstBlood/Content/AnimStarterPack/Death_Ironsights_1.uasset" 270
"C:/Users/Ian/Documents/GitHub/FYP-FirstBlood/FYP_FirstBlood/Content/AnimStarterPack/Death_Ironsights_2.uasset" 271
"C:/Users/Ian/Documents/GitHub/FYP-FirstBlood/FYP_FirstBlood/Content/AnimStarterPack/Equip_Rifle_Standing.uasset" 272
"C:/Users/Ian/Documents/GitHub/FYP-FirstBlood/FYP_FirstBlood/Content/AnimStarterPack/Fire_Rifle_Hip.uasset" 273
"C:/Users/Ian/Documents/GitHub/FYP-FirstBlood/FYP_FirstBlood/Content/AnimStarterPack/Fire_Shotgun_Hip.uasset" 274
"C:/Users/Ian/Documents/GitHub/FYP-FirstBlood/FYP_FirstBlood/Content/AnimStarterPack/Fire_Shotgun_Ironsights.uasset" 275
"C:/Users/Ian/Documents/GitHub/FYP-FirstBlood/FYP_FirstBlood/Content/AnimStarterPack/Hit_React_4.uasset" 276
"C:/Users/Ian/Documents/GitHub/FYP-FirstBlood/FYP_FirstBlood/Content/AnimStarterPack/Idle_Pistol.uasset" 277
"C:/Users/Ian/Documents/GitHub/FYP-FirstBlood/FYP_FirstBlood/Content/AnimStarterPack/Idle_Rifle_Ironsights.uasset" 278
"C:/Users/Ian/Documents/GitHub/FYP-FirstBlood/FYP_FirstBlood/Content/AnimStarterPack/Jump_From_Stand_Ironsights.uasset" 279
"C:/Users/Ian/Documents/GitHub/FYP-FirstBlood/FYP_FirstBlood/Content/AnimStarterPack/Prone_Death_1.uasset" 280
"C:/Users/Ian/Documents/GitHub/FYP-FirstBlood/FYP_FirstBlood/Content/AnimStarterPack/Prone_Death_2.uasset" 281
"C:/Users/Ian/Documents/GitHub/FYP-FirstBlood/FYP_FirstBlood/Content/AnimStarterPack/Prone_Fire_1.uasset" 282
"C:/Users/Ian/Documents/GitHub/FYP-FirstBlood/FYP_FirstBlood/Content/AnimStarterPack/Prone_Fire_2.uasset" 283
"C:/Users/Ian/Documents/GitHub/FYP-FirstBlood/FYP_FirstBlood/Content/AnimStarterPack/Prone_Idle.uasset" 284
"C:/Users/Ian/Documents/GitHub/FYP-FirstBlood/FYP_FirstBlood/Content/AnimStarterPack/Prone_Reload_Rifle.uasset" 285
"C:/Users/Ian/Documents/GitHub/FYP-FirstBlood/FYP_FirstBlood/Content/AnimStarterPack/Prone_Reload_Shotgun.uasset" 286
"C:/Users/Ian/Documents/GitHub/FYP-FirstBlood/FYP_FirstBlood/Content/AnimStarterPack/Prone_To_Stand.uasset" 287
"C:/Users/Ian/Documents/GitHub/FYP-FirstBlood/FYP_FirstBlood/Content/AnimStarterPack/Reload_Pistol.uasset" 288
"C:/Users/Ian/Documents/GitHub/FYP-FirstBlood/FYP_FirstBlood/Content/AnimStarterPack/Reload_Rifle_Ironsights.uasset" 289
"C:/Users/Ian/Documents/GitHub/FYP-FirstBlood/FYP_FirstBlood/Content/AnimStarterPack/Reload_Shotgun_Hip.uasset" 290
"C:/Users/Ian/Documents/GitHub/FYP-FirstBlood/FYP_FirstBlood/Content/AnimStarterPack/Reload_Shotgun_Ironsights.uasset" 291
"C:/Users/Ian/Documents/GitHub/FYP-FirstBlood/FYP_FirstBlood/Content/AnimStarterPack/Sprint_Fwd_Rifle.uasset" 292
"C:/Users/Ian/Documents/GitHub/FYP-FirstBlood/FYP_FirstBlood/Content/AnimStarterPack/Stand_to_Crouch_Rifle_Hip.uasset" 293
"C:/Users/Ian/Documents/GitHub/FYP-FirstBlood/FYP_FirstBlood/Content/AnimStarterPack/Stand_to_Crouch_Rifle_Ironsights.uasset" 294
"C:/Users/Ian/Documents/GitHub/FYP-FirstBlood/FYP_FirstBlood/Content/AnimStarterPack/Stand_To_Prone.uasset" 295
"C:/Users/Ian/Documents/GitHub/FYP-FirstBlood/FYP_FirstBlood/Content/AnimStarterPack/Walk_Bwd_Rifle_Ironsights.uasset" 296
"C:/Users/Ian/Documents/GitHub/FYP-FirstBlood/FYP_FirstBlood/Content/AnimStarterPack/Walk_Lt_Rifle_Ironsights.uasset" 297
"C:/Users/Ian/Documents/GitHub/FYP-FirstBlood/FYP_FirstBlood/Content/AnimStarterPack/Walk_Rt_Rifle_Ironsights.uasset" 298
"C:/Users/Ian/Documents/GitHub/FYP-FirstBlood/FYP_FirstBlood/Content/Blueprints/BP_PlayerController.uasset" 299
"C:/Users/Ian/Documents/GitHub/FYP-FirstBlood/FYP_FirstBlood/Content/Meshes/FPS_Weapon_Bundle/Weapons/Meshes/AR4/SK_AR4_X_Skeleton.uasset" 300
"C:/Users/Ian/Documents/GitHub/FYP-FirstBlood/FYP_FirstBlood/Content/Meshes/FPS_Weapon_Bundle/Weapons/Meshes/AR4/SK_AR4_X_Physics.uasset" 301
"C:/Users/Ian/Documents/GitHub/FYP-FirstBlood/FYP_FirstBlood/Content/Meshes/FPS_Weapon_Bundle/Weapons/Textures/Ammunition/T_762x39_NRM.uasset" 302
"C:/Users/Ian/Documents/GitHub/FYP-FirstBlood/FYP_FirstBlood/Content/Meshes/FPS_Weapon_Bundle/Weapons/Textures/Ammunition/T_762x39_M_MSK.uasset" 303
"C:/Users/Ian/Documents/GitHub/FYP-FirstBlood/FYP_FirstBlood/Content/Meshes/FPS_Weapon_Bundle/Weapons/Textures/Ammunition/T_762x39_ALB.uasset" 304
"C:/Users/Ian/Documents/GitHub/FYP-FirstBlood/FYP_FirstBlood/Content/Meshes/FPS_Weapon_Bundle/Weapons/Materials/Ammunition/M_762x39_Empty.uasset" 305
"C:/Users/Ian/Documents/GitHub/FYP-FirstBlood/FYP_FirstBlood/Content/Meshes/FPS_Weapon_Bundle/Weapons/Meshes/AR4/SK_AR4_X.uasset" 306
"C:/Users/Ian/Documents/GitHub/FYP-FirstBlood/FYP_FirstBlood/Content/Blueprints/Guns/BP_WeaponClass.uasset" 307
"C:/Users/Ian/Documents/GitHub/FYP-FirstBlood/FYP_FirstBlood/Content/Blueprints/Guns/AR.uasset" 308
"C:/Users/Ian/Documents/GitHub/FYP-FirstBlood/FYP_FirstBlood/Content/FirstPerson/Character/Mesh/FirstPersonAnimBlueprint_Copy.uasset" 309
"C:/Users/Ian/Documents/GitHub/FYP-FirstBlood/FYP_FirstBlood/Content/MainMenu/PC_MenuController.uasset" 310
"C:/Users/Ian/Documents/GitHub/FYP-FirstBlood/FYP_FirstBlood/Content/MainMenu/GM_MainMenuGamemode.uasset" 311
"C:/Users/Ian/Documents/GitHub/FYP-FirstBlood/FYP_FirstBlood/Content/MainMenu/MainMenuGamemode.uasset" 312
"C:/Users/Ian/Documents/GitHub/FYP-FirstBlood/FYP_FirstBlood/Content/Materials/Megascans/3D_Assets/Sandbag_Barrier/Roughness_2K.uasset" 313
"C:/Users/Ian/Documents/GitHub/FYP-FirstBlood/FYP_FirstBlood/Content/Materials/Megascans/3D_Assets/Sandbag_Barrier/Normal_2K_LOD0.uasset" 314
"C:/Users/Ian/Documents/GitHub/FYP-FirstBlood/FYP_FirstBlood/Content/Materials/Megascans/3D_Assets/Sandbag_Barrier/Albedo_2K.uasset" 315
"C:/Users/Ian/Documents/GitHub/FYP-FirstBlood/FYP_FirstBlood/Content/MSPresets/MSTextures/Roughness.uasset" 316
"C:/Users/Ian/Documents/GitHub/FYP-FirstBlood/FYP_FirstBlood/Content/MSPresets/MSTextures/Normal.uasset" 317
"C:/Users/Ian/Documents/GitHub/FYP-FirstBlood/FYP_FirstBlood/Content/MSPresets/MSTextures/Displacement.uasset" 318
"C:/Users/Ian/Documents/GitHub/FYP-FirstBlood/FYP_FirstBlood/Content/MSPresets/MSTextures/Albedo.uasset" 319
"C:/Users/Ian/Documents/GitHub/FYP-FirstBlood/FYP_FirstBlood/Content/Materials/Megascans/Surfaces/M_RockyGround/Roughness_2K.uasset" 320
"C:/Users/Ian/Documents/GitHub/FYP-FirstBlood/FYP_FirstBlood/Content/Materials/Megascans/Surfaces/M_RockyGround/Normal_2k.uasset" 321
"C:/Users/Ian/Documents/GitHub/FYP-FirstBlood/FYP_FirstBlood/Content/Materials/Megascans/Surfaces/M_RockyGround/Albedo_2K.uasset" 322
"../../../Engine/Content/Functions/Engine_MaterialFunctions02/Utility/MakeFloat2.uasset" 323
"../../../Engine/Content/Functions/Engine_MaterialFunctions02/Math/MultiplyAdd.uasset" 324
"../../../Engine/Content/Functions/Engine_MaterialFunctions01/SpeedTree/SpeedTreeColorVariation.uasset" 325
"C:/Users/Ian/Documents/GitHub/FYP-FirstBlood/FYP_FirstBlood/Content/Materials/DirectionalSands/M_DirectionalSand.uasset" 326
"C:/Users/Ian/Documents/GitHub/FYP-FirstBlood/FYP_FirstBlood/Content/Materials/DirectionalSands/MI_SandbagSand.uasset" 327
"C:/Users/Ian/Documents/GitHub/FYP-FirstBlood/FYP_FirstBlood/Content/Materials/MI_SandbagSand.uasset" 328
"C:/Users/Ian/Documents/GitHub/FYP-FirstBlood/FYP_FirstBlood/Content/Megascans/3D_Assets/Wooden_Post_tgnicbnfa/Roughness_2K_tgnicbnfa.uasset" 329
"C:/Users/Ian/Documents/GitHub/FYP-FirstBlood/FYP_FirstBlood/Content/Megascans/3D_Assets/Wooden_Post_tgnicbnfa/Normal_2K_LOD0_tgnicbnfa.uasset" 330
"C:/Users/Ian/Documents/GitHub/FYP-FirstBlood/FYP_FirstBlood/Content/Megascans/3D_Assets/Wooden_Post_tgnicbnfa/Albedo_2K_tgnicbnfa.uasset" 331
"C:/Users/Ian/Documents/GitHub/FYP-FirstBlood/FYP_FirstBlood/Content/Materials/DirectionalSands/MI_WoodPostSand.uasset" 332
"C:/Users/Ian/Documents/GitHub/FYP-FirstBlood/FYP_FirstBlood/Content/Materials/DirectionalSands/M_DirectionalSand_Inst.uasset" 333
"C:/Users/Ian/Documents/GitHub/FYP-FirstBlood/FYP_FirstBlood/Content/Materials/Megascans/Surfaces/M_RockyGround/Displacement_2K.uasset" 334
"C:/Users/Ian/Documents/GitHub/FYP-FirstBlood/FYP_FirstBlood/Content/Megascans/3D_Assets/Plane.uasset" 335
"C:/Users/Ian/Documents/GitHub/FYP-FirstBlood/FYP_FirstBlood/Content/Megascans/3D_Plants/Desert_Plant_scvkX/Translucency_2K_scvkX.uasset" 336
"C:/Users/Ian/Documents/GitHub/FYP-FirstBlood/FYP_FirstBlood/Content/Megascans/3D_Plants/Desert_Plant_scvkX/Roughness_2K_scvkX.uasset" 337
"C:/Users/Ian/Documents/GitHub/FYP-FirstBlood/FYP_FirstBlood/Content/Megascans/3D_Plants/Desert_Plant_scvkX/Opacity_2K_scvkX.uasset" 338
"C:/Users/Ian/Documents/GitHub/FYP-FirstBlood/FYP_FirstBlood/Content/Megascans/3D_Plants/Desert_Plant_scvkX/Normal_2K_scvkX.uasset" 339
"../../../Engine/Content/EngineMaterials/DefaultWhiteGrid.uasset" 340
"../../../Engine/Content/EngineMaterials/BlendFunc_DefBlend.uasset" 341
"../../../Engine/Content/EngineMaterials/BlendFunc_DefBase.uasset" 342
"../../../Engine/Content/Functions/Engine_MaterialFunctions03/Blends/Blend_Overlay.uasset" 343
"../../../Engine/Content/Functions/Engine_MaterialFunctions01/Texturing/FlattenNormal.uasset" 344
"../../../Engine/Content/Functions/Engine_MaterialFunctions01/WorldPositionOffset/SimpleGrassWind.uasset" 345
"C:/Users/Ian/Documents/GitHub/FYP-FirstBlood/FYP_FirstBlood/Content/MSPresets/Foliage_Material/Foliage_Material.uasset" 346
"C:/Users/Ian/Documents/GitHub/FYP-FirstBlood/FYP_FirstBlood/Content/Megascans/3D_Plants/Desert_Plant_scvkX/Albedo_2K_scvkX.uasset" 347
"C:/Users/Ian/Documents/GitHub/FYP-FirstBlood/FYP_FirstBlood/Content/Megascans/3D_Plants/Desert_Plant_scvkX/Desert_Plant_scvkX_inst.uasset" 348
"C:/Users/Ian/Documents/GitHub/FYP-FirstBlood/FYP_FirstBlood/Content/Megascans/3D_Plants/Desert_Plant_scvkX/Billboard/Desert_Plant_scvkX_Billboard_inst.uasset" 349
"C:/Users/Ian/Documents/GitHub/FYP-FirstBlood/FYP_FirstBlood/Content/Megascans/3D_Plants/Desert_Plant_scvkX/Desert_Plant_LOD0_Var1_scvkX_1.uasset" 350
"C:/Users/Ian/Documents/GitHub/FYP-FirstBlood/FYP_FirstBlood/Content/Megascans/3D_Plants/Desert_Plant_scvkX/Foliage/Desert_Plant_LOD0_Var1_scvkX_1.uasset" 351
"C:/Users/Ian/Documents/GitHub/FYP-FirstBlood/FYP_FirstBlood/Content/Megascans/3D_Plants/Desert_Plant_scvkX/Desert_Plant_LOD0_Var2_scvkX_2.uasset" 352
"C:/Users/Ian/Documents/GitHub/FYP-FirstBlood/FYP_FirstBlood/Content/Megascans/3D_Plants/Desert_Plant_scvkX/Foliage/Desert_Plant_LOD0_Var2_scvkX_2.uasset" 353
"C:/Users/Ian/Documents/GitHub/FYP-FirstBlood/FYP_FirstBlood/Content/Megascans/3D_Plants/Desert_Plant_scvkX/Desert_Plant_LOD0_Var3_scvkX_3.uasset" 354
"C:/Users/Ian/Documents/GitHub/FYP-FirstBlood/FYP_FirstBlood/Content/Megascans/3D_Plants/Desert_Plant_scvkX/Foliage/Desert_Plant_LOD0_Var3_scvkX_3.uasset" 355
"C:/Users/Ian/Documents/GitHub/FYP-FirstBlood/FYP_FirstBlood/Content/Megascans/3D_Plants/Desert_Plant_scvkX/Desert_Plant_LOD0_Var4_scvkX_4.uasset" 356
"C:/Users/Ian/Documents/GitHub/FYP-FirstBlood/FYP_FirstBlood/Content/Megascans/3D_Plants/Desert_Plant_scvkX/Foliage/Desert_Plant_LOD0_Var4_scvkX_4.uasset" 357
"C:/Users/Ian/Documents/GitHub/FYP-FirstBlood/FYP_FirstBlood/Content/Megascans/3D_Plants/Desert_Plant_scvkX/Desert_Plant_LOD0_Var5_scvkX_5.uasset" 358
"C:/Users/Ian/Documents/GitHub/FYP-FirstBlood/FYP_FirstBlood/Content/Megascans/3D_Plants/Desert_Plant_scvkX/Foliage/Desert_Plant_LOD0_Var5_scvkX_5.uasset" 359
"C:/Users/Ian/Documents/GitHub/FYP-FirstBlood/FYP_FirstBlood/Content/Megascans/3D_Plants/Desert_Plant_scvkX/Desert_Plant_LOD0_Var6_scvkX_6.uasset" 360
"C:/Users/Ian/Documents/GitHub/FYP-FirstBlood/FYP_FirstBlood/Content/Megascans/3D_Plants/Desert_Plant_scvkX/Foliage/Desert_Plant_LOD0_Var6_scvkX_6.uasset" 361
"C:/Users/Ian/Documents/GitHub/FYP-FirstBlood/FYP_FirstBlood/Content/Megascans/3D_Plants/Desert_Plant_scvkX/Desert_Plant_LOD0_Var7_scvkX_7.uasset" 362
"C:/Users/Ian/Documents/GitHub/FYP-FirstBlood/FYP_FirstBlood/Content/Megascans/3D_Plants/Desert_Plant_scvkX/Foliage/Desert_Plant_LOD0_Var7_scvkX_7.uasset" 363
"C:/Users/Ian/Documents/GitHub/FYP-FirstBlood/FYP_FirstBlood/Content/Megascans/3D_Plants/Desert_Plant_scvkX/Desert_Plant_LOD0_Var8_scvkX_8.uasset" 364
"C:/Users/Ian/Documents/GitHub/FYP-FirstBlood/FYP_FirstBlood/Content/Megascans/3D_Plants/Desert_Plant_scvkX/Foliage/Desert_Plant_LOD0_Var8_scvkX_8.uasset" 365
"C:/Users/Ian/Documents/GitHub/FYP-FirstBlood/FYP_FirstBlood/Content/Megascans/Surfaces/M_Netting_373VUHJt5k603awURyHQ4A/Displacement_2K.uasset" 366
"C:/Users/Ian/Documents/GitHub/FYP-FirstBlood/FYP_FirstBlood/Content/Megascans/Surfaces/M_Netting_373VUHJt5k603awURyHQ4A/Roughness_2K.uasset" 367
"C:/Users/Ian/Documents/GitHub/FYP-FirstBlood/FYP_FirstBlood/Content/Megascans/Surfaces/M_Netting_373VUHJt5k603awURyHQ4A/Normal_2K.uasset" 368
"C:/Users/Ian/Documents/GitHub/FYP-FirstBlood/FYP_FirstBlood/Content/Megascans/Surfaces/M_Netting_373VUHJt5k603awURyHQ4A/Albedo_2K.uasset" 369
"C:/Users/Ian/Documents/GitHub/FYP-FirstBlood/FYP_FirstBlood/Content/Megascans/Surfaces/M_Netting_373VUHJt5k603awURyHQ4A/M_Netting_373VUHJt5k603awURyHQ4A_inst.uasset" 370
"C:/Users/Ian/Documents/GitHub/FYP-FirstBlood/FYP_FirstBlood/Content/Megascans/Surfaces/M_PartialWornWood_WysS3NPl7k-8vi6cGz4zLQ/Displacement_2K_WysS3NPl7k-8vi6cGz4zLQ.uasset" 371
"C:/Users/Ian/Documents/GitHub/FYP-FirstBlood/FYP_FirstBlood/Content/Meshes/Plane.uasset" 372
"C:/Users/Ian/Documents/GitHub/FYP-FirstBlood/FYP_FirstBlood/Content/Megascans/Surfaces/M_Netting_373VUHJt5k603awURyHQ4A/M_Netting.uasset" 373
"C:/Users/Ian/Documents/GitHub/FYP-FirstBlood/FYP_FirstBlood/Content/Blueprints/BP_CamoNetting.uasset" 374
"C:/Users/Ian/Documents/GitHub/FYP-FirstBlood/FYP_FirstBlood/Content/Meshes/NewBlueprint.uasset" 375
"C:/Users/Ian/Documents/GitHub/FYP-FirstBlood/FYP_FirstBlood/Content/Meshes/PSL_Rifle.uasset" 376
"C:/Users/Ian/Documents/GitHub/FYP-FirstBlood/FYP_FirstBlood/Content/Meshes/FPS_Weapon_Bundle/Weapons/Textures/Accessories/T_V_Grip_NRM.uasset" 377
"C:/Users/Ian/Documents/GitHub/FYP-FirstBlood/FYP_FirstBlood/Content/Meshes/FPS_Weapon_Bundle/Weapons/Textures/Accessories/T_V_Grip_M_MSK.uasset" 378
"C:/Users/Ian/Documents/GitHub/FYP-FirstBlood/FYP_FirstBlood/Content/Meshes/FPS_Weapon_Bundle/Weapons/Textures/Accessories/T_V_Grip_ALB.uasset" 379
"C:/Users/Ian/Documents/GitHub/FYP-FirstBlood/FYP_FirstBlood/Content/Meshes/FPS_Weapon_Bundle/Weapons/Materials/Accessories/M_V_Grip.uasset" 380
"C:/Users/Ian/Documents/GitHub/FYP-FirstBlood/FYP_FirstBlood/Content/Meshes/FPS_Weapon_Bundle/Weapons/Materials/Accessories/M_V_Grip_Green.uasset" 381
"C:/Users/Ian/Documents/GitHub/FYP-FirstBlood/FYP_FirstBlood/Content/Meshes/FPS_Weapon_Bundle/Weapons/Textures/Patterns/T_Desert_Marpat_Pattern.uasset" 382
"C:/Users/Ian/Documents/GitHub/FYP-FirstBlood/FYP_FirstBlood/Content/Meshes/FPS_Weapon_Bundle/Weapons/Materials/AR4/M_AR4_Pattern.uasset" 383
"C:/Users/Ian/Documents/GitHub/FYP-FirstBlood/FYP_FirstBlood/Content/Meshes/FPS_Weapon_Bundle/Weapons/Textures/KA47/T_KA47_Gold_M_MSK.uasset" 384
"C:/Users/Ian/Documents/GitHub/FYP-FirstBlood/FYP_FirstBlood/Content/Meshes/FPS_Weapon_Bundle/Weapons/Textures/KA47/T_KA47_Gold_ALB.uasset" 385
"C:/Users/Ian/Documents/GitHub/FYP-FirstBlood/FYP_FirstBlood/Content/Meshes/FPS_Weapon_Bundle/Weapons/Textures/KA47/T_KA47_NRM.uasset" 386
"C:/Users/Ian/Documents/GitHub/FYP-FirstBlood/FYP_FirstBlood/Content/Meshes/FPS_Weapon_Bundle/Weapons/Materials/Ka47/M_KA47_Gold.uasset" 387
"C:/Users/Ian/Documents/GitHub/FYP-FirstBlood/FYP_FirstBlood/Content/Meshes/FPS_Weapon_Bundle/Weapons/Textures/KA47/T_KA47_M_MSK.uasset" 388
"C:/Users/Ian/Documents/GitHub/FYP-FirstBlood/FYP_FirstBlood/Content/Meshes/FPS_Weapon_Bundle/Weapons/Textures/KA47/T_KA47_ALB.uasset" 389
"C:/Users/Ian/Documents/GitHub/FYP-FirstBlood/FYP_FirstBlood/Content/Meshes/FPS_Weapon_Bundle/Weapons/Materials/Ka47/M_KA47.uasset" 390
"C:/Users/Ian/Documents/GitHub/FYP-FirstBlood/FYP_FirstBlood/Content/Meshes/FPS_Weapon_Bundle/Weapons/Materials/Ka47/M_KA47_Pattern.uasset" 391
"C:/Users/Ian/Documents/GitHub/FYP-FirstBlood/FYP_FirstBlood/Content/Meshes/FPS_Weapon_Bundle/Weapons/Textures/KA74U/T_KA74U_Gold_M_MSK.uasset" 392
"C:/Users/Ian/Documents/GitHub/FYP-FirstBlood/FYP_FirstBlood/Content/Meshes/FPS_Weapon_Bundle/Weapons/Textures/KA74U/T_KA74U_Gold_ALB.uasset" 393
"C:/Users/Ian/Documents/GitHub/FYP-FirstBlood/FYP_FirstBlood/Content/Meshes/FPS_Weapon_Bundle/Weapons/Materials/KA74U/M_KA74U.uasset" 394
"C:/Users/Ian/Documents/GitHub/FYP-FirstBlood/FYP_FirstBlood/Content/Meshes/FPS_Weapon_Bundle/Weapons/Materials/KA74U/M_KA74U_Gold.uasset" 395
"C:/Users/Ian/Documents/GitHub/FYP-FirstBlood/FYP_FirstBlood/Content/Meshes/FPS_Weapon_Bundle/Weapons/Textures/Patterns/T_LeafSpray_Pattern.uasset" 396
"C:/Users/Ian/Documents/GitHub/FYP-FirstBlood/FYP_FirstBlood/Content/Meshes/FPS_Weapon_Bundle/Weapons/Materials/KA74U/M_KA74U_LeafSpray.uasset" 397
"C:/Users/Ian/Documents/GitHub/FYP-FirstBlood/FYP_FirstBlood/Content/Meshes/FPS_Weapon_Bundle/Weapons/Textures/Patterns/T_Wood_Marpat_Pattern.uasset" 398
"C:/Users/Ian/Documents/GitHub/FYP-FirstBlood/FYP_FirstBlood/Content/Meshes/FPS_Weapon_Bundle/Weapons/Textures/KA_Val/T_KA_Val_Black_ALB.uasset" 399
"C:/Users/Ian/Documents/GitHub/FYP-FirstBlood/FYP_FirstBlood/Content/Meshes/FPS_Weapon_Bundle/Weapons/Textures/KA_Val/T_KA_Val_NRM.uasset" 400
"C:/Users/Ian/Documents/GitHub/FYP-FirstBlood/FYP_FirstBlood/Content/Meshes/FPS_Weapon_Bundle/Weapons/Textures/KA_Val/T_KA_Val_M_MSK.uasset" 401
"C:/Users/Ian/Documents/GitHub/FYP-FirstBlood/FYP_FirstBlood/Content/Meshes/FPS_Weapon_Bundle/Weapons/Textures/KA_Val/T_KA_Val_ALB.uasset" 402
"C:/Users/Ian/Documents/GitHub/FYP-FirstBlood/FYP_FirstBlood/Content/Meshes/FPS_Weapon_Bundle/Weapons/Materials/KA_Val/M_KA_Val.uasset" 403
"C:/Users/Ian/Documents/GitHub/FYP-FirstBlood/FYP_FirstBlood/Content/Meshes/FPS_Weapon_Bundle/Weapons/Materials/KA_Val/M_KA_Val_Black.uasset" 404
"C:/Users/Ian/Documents/GitHub/FYP-FirstBlood/FYP_FirstBlood/Content/Meshes/FPS_Weapon_Bundle/Weapons/Materials/KA_Val/M_KA_Val_Black_Camo.uasset" 405
"C:/Users/Ian/Documents/GitHub/FYP-FirstBlood/FYP_FirstBlood/Content/Meshes/FPS_Weapon_Bundle/Weapons/Materials/KA_Val/M_KA_Val_Black_Striped.uasset" 406
"C:/Users/Ian/Documents/GitHub/FYP-FirstBlood/FYP_FirstBlood/Content/Meshes/FPS_Weapon_Bundle/Weapons/Textures/RDS/T_RDS_02.uasset" 407
"C:/Users/Ian/Documents/GitHub/FYP-FirstBlood/FYP_FirstBlood/Content/Meshes/FPS_Weapon_Bundle/Weapons/Textures/RDS/T_RDS_01.uasset" 408
"C:/Users/Ian/Documents/GitHub/FYP-FirstBlood/FYP_FirstBlood/Content/Meshes/FPS_Weapon_Bundle/Weapons/Materials/Master_Material/M_RDS_Master.uasset" 409
"C:/Users/Ian/Documents/GitHub/FYP-FirstBlood/FYP_FirstBlood/Content/Meshes/FPS_Weapon_Bundle/Weapons/Materials/RDS/M_RDS_01.uasset" 410
"C:/Users/Ian/Documents/GitHub/FYP-FirstBlood/FYP_FirstBlood/Content/Meshes/FPS_Weapon_Bundle/Weapons/Materials/RDS/M_RDS_02.uasset" 411
"C:/Users/Ian/Documents/GitHub/FYP-FirstBlood/FYP_FirstBlood/Content/Meshes/FPS_Weapon_Bundle/Weapons/Textures/RDS/T_RDS_03.uasset" 412
"C:/Users/Ian/Documents/GitHub/FYP-FirstBlood/FYP_FirstBlood/Content/Meshes/FPS_Weapon_Bundle/Weapons/Materials/RDS/M_RDS_03.uasset" 413
"C:/Users/Ian/Documents/GitHub/FYP-FirstBlood/FYP_FirstBlood/Content/Meshes/FPS_Weapon_Bundle/Weapons/Textures/Patterns/T_Urban_Marpat_Pattern.uasset" 414
"C:/Users/Ian/Documents/GitHub/FYP-FirstBlood/FYP_FirstBlood/Content/Meshes/FPS_Weapon_Bundle/Weapons/Materials/SMG11/M_SMG11_Camo.uasset" 415
"C:/Users/Ian/Documents/GitHub/FYP-FirstBlood/FYP_FirstBlood/Content/Meshes/FPS_Weapon_Bundle/Weapons/Materials/SMG11/M_SMG11_Color.uasset" 416
"C:/Users/Ian/Documents/GitHub/FYP-FirstBlood/FYP_FirstBlood/Content/Meshes/FPS_Weapon_Bundle/Weapons/Textures/Accessories/T_Scope_25x56_Lens_M_MSK.uasset" 417
"C:/Users/Ian/Documents/GitHub/FYP-FirstBlood/FYP_FirstBlood/Content/Meshes/FPS_Weapon_Bundle/Weapons/Textures/Accessories/T_Scope_25x56_Lens_ALB.uasset" 418
"C:/Users/Ian/Documents/GitHub/FYP-FirstBlood/FYP_FirstBlood/Content/Meshes/FPS_Weapon_Bundle/Weapons/Materials/Master_Material/M_Scope_Lens_MASTER.uasset" 419
"C:/Users/Ian/Documents/GitHub/FYP-FirstBlood/FYP_FirstBlood/Content/Meshes/FPS_Weapon_Bundle/Weapons/Materials/Accessories/M_Scope_25x56_Lens.uasset" 420
"C:/Users/Ian/Documents/GitHub/FYP-FirstBlood/FYP_FirstBlood/Content/Meshes/FPS_Weapon_Bundle/Weapons/Textures/Accessories/T_Scope_25x56_NRM.uasset" 421
"C:/Users/Ian/Documents/GitHub/FYP-FirstBlood/FYP_FirstBlood/Content/Meshes/FPS_Weapon_Bundle/Weapons/Textures/Accessories/T_Scope_25x56_M_MSK.uasset" 422
"C:/Users/Ian/Documents/GitHub/FYP-FirstBlood/FYP_FirstBlood/Content/Meshes/FPS_Weapon_Bundle/Weapons/Textures/Accessories/T_Scope_25x56_ALB.uasset" 423
"C:/Users/Ian/Documents/GitHub/FYP-FirstBlood/FYP_FirstBlood/Content/Meshes/FPS_Weapon_Bundle/Weapons/Materials/Accessories/M_Scope_25x56.uasset" 424
"C:/Users/Ian/Documents/GitHub/FYP-FirstBlood/FYP_FirstBlood/Content/Meshes/FPS_Weapon_Bundle/Weapons/Meshes/Accessories/SM_Scope_25x56_X.uasset" 425
"C:/Users/Ian/Documents/GitHub/FYP-FirstBlood/FYP_FirstBlood/Content/Meshes/FPS_Weapon_Bundle/Weapons/Meshes/AR4/SM_AR4_X.uasset" 426
"C:/Users/Ian/Documents/GitHub/FYP-FirstBlood/FYP_FirstBlood/Content/Meshes/FPS_Weapon_Bundle/Weapons/Meshes/G67_Grenade/SK_G67_Skeleton.uasset" 427
"C:/Users/Ian/Documents/GitHub/FYP-FirstBlood/FYP_FirstBlood/Content/Meshes/FPS_Weapon_Bundle/Weapons/Meshes/G67_Grenade/SK_G67_Physics.uasset" 428
"C:/Users/Ian/Documents/GitHub/FYP-FirstBlood/FYP_FirstBlood/Content/Meshes/FPS_Weapon_Bundle/Weapons/Meshes/G67_Grenade/SK_G67.uasset" 429
"C:/Users/Ian/Documents/GitHub/FYP-FirstBlood/FYP_FirstBlood/Content/Meshes/FPS_Weapon_Bundle/Weapons/Meshes/G67_Grenade/SM_G67.uasset" 430
"C:/Users/Ian/Documents/GitHub/FYP-FirstBlood/FYP_FirstBlood/Content/Meshes/FPS_Weapon_Bundle/Weapons/Meshes/G67_Grenade/SM_G67_X.uasset" 431
"C:/Users/Ian/Documents/GitHub/FYP-FirstBlood/FYP_FirstBlood/Content/Meshes/FPS_Weapon_Bundle/Weapons/Meshes/Ka47/SK_KA47_X_Physics.uasset" 432
"C:/Users/Ian/Documents/GitHub/FYP-FirstBlood/FYP_FirstBlood/Content/Meshes/FPS_Weapon_Bundle/Weapons/Meshes/Ka47/SK_KA47_X_Skeleton.uasset" 433
"C:/Users/Ian/Documents/GitHub/FYP-FirstBlood/FYP_FirstBlood/Content/Meshes/FPS_Weapon_Bundle/Weapons/Meshes/Ka47/SK_KA47_X.uasset" 434
"C:/Users/Ian/Documents/GitHub/FYP-FirstBlood/FYP_FirstBlood/Content/Meshes/FPS_Weapon_Bundle/Weapons/Meshes/Ka47/SM_KA47.uasset" 435
"C:/Users/Ian/Documents/GitHub/FYP-FirstBlood/FYP_FirstBlood/Content/Meshes/FPS_Weapon_Bundle/Weapons/Meshes/Ka47/SM_KA47_X.uasset" 436
"C:/Users/Ian/Documents/GitHub/FYP-FirstBlood/FYP_FirstBlood/Content/Meshes/FPS_Weapon_Bundle/Weapons/Meshes/KA74U/SK_KA74U_X_Skeleton.uasset" 437
"C:/Users/Ian/Documents/GitHub/FYP-FirstBlood/FYP_FirstBlood/Content/Meshes/FPS_Weapon_Bundle/Weapons/Meshes/KA74U/SK_KA74U_X_Physics.uasset" 438
"C:/Users/Ian/Documents/GitHub/FYP-FirstBlood/FYP_FirstBlood/Content/Meshes/FPS_Weapon_Bundle/Weapons/Meshes/KA74U/SK_KA74U_X.uasset" 439
"C:/Users/Ian/Documents/GitHub/FYP-FirstBlood/FYP_FirstBlood/Content/Meshes/FPS_Weapon_Bundle/Weapons/Meshes/KA74U/SM_KA74U_Mag_Empty_Y.uasset" 440
"C:/Users/Ian/Documents/GitHub/FYP-FirstBlood/FYP_FirstBlood/Content/Meshes/FPS_Weapon_Bundle/Weapons/Meshes/KA74U/SM_KA74U_Mag_Y.uasset" 441
"C:/Users/Ian/Documents/GitHub/FYP-FirstBlood/FYP_FirstBlood/Content/Meshes/FPS_Weapon_Bundle/Weapons/Meshes/KA74U/SM_KA74U_X.uasset" 442
"C:/Users/Ian/Documents/GitHub/FYP-FirstBlood/FYP_FirstBlood/Content/Meshes/FPS_Weapon_Bundle/Weapons/Meshes/KA74U/SM_KA74U_Y.uasset" 443
"C:/Users/Ian/Documents/GitHub/FYP-FirstBlood/FYP_FirstBlood/Content/Meshes/FPS_Weapon_Bundle/Weapons/Meshes/KA_Val/SK_KA_Val_X_Skeleton.uasset" 444
"C:/Users/Ian/Documents/GitHub/FYP-FirstBlood/FYP_FirstBlood/Content/Meshes/FPS_Weapon_Bundle/Weapons/Meshes/KA_Val/SK_KA_Val_X_Physics.uasset" 445
"C:/Users/Ian/Documents/GitHub/FYP-FirstBlood/FYP_FirstBlood/Content/Meshes/FPS_Weapon_Bundle/Weapons/Meshes/KA_Val/SK_KA_Val_X.uasset" 446
"C:/Users/Ian/Documents/GitHub/FYP-FirstBlood/FYP_FirstBlood/Content/Meshes/FPS_Weapon_Bundle/Weapons/Meshes/KA_Val/SM_KA_Val_Mag_X.uasset" 447
"C:/Users/Ian/Documents/GitHub/FYP-FirstBlood/FYP_FirstBlood/Content/Meshes/FPS_Weapon_Bundle/Weapons/Meshes/KA_Val/SM_KA_Val_X.uasset" 448
"C:/Users/Ian/Documents/GitHub/FYP-FirstBlood/FYP_FirstBlood/Content/Meshes/FPS_Weapon_Bundle/Weapons/Meshes/KA_Val/SM_KA_Val_Y.uasset" 449
"C:/Users/Ian/Documents/GitHub/FYP-FirstBlood/FYP_FirstBlood/Content/Meshes/FPS_Weapon_Bundle/Weapons/Textures/M9_Knife/T_M9_NRM.uasset" 450
"C:/Users/Ian/Documents/GitHub/FYP-FirstBlood/FYP_FirstBlood/Content/Meshes/FPS_Weapon_Bundle/Weapons/Textures/M9_Knife/T_M9_M_MSK.uasset" 451
"C:/Users/Ian/Documents/GitHub/FYP-FirstBlood/FYP_FirstBlood/Content/Meshes/FPS_Weapon_Bundle/Weapons/Textures/M9_Knife/T_M9_ALB.uasset" 452
"C:/Users/Ian/Documents/GitHub/FYP-FirstBlood/FYP_FirstBlood/Content/Meshes/FPS_Weapon_Bundle/Weapons/Materials/M9_Knife/M_M9_Knife.uasset" 453
"C:/Users/Ian/Documents/GitHub/FYP-FirstBlood/FYP_FirstBlood/Content/Meshes/FPS_Weapon_Bundle/Weapons/Meshes/M9_Knife/SK_M9_Knife_Skeleton.uasset" 454
"C:/Users/Ian/Documents/GitHub/FYP-FirstBlood/FYP_FirstBlood/Content/Meshes/FPS_Weapon_Bundle/Weapons/Meshes/M9_Knife/SK_M9_Knife_Physics.uasset" 455
"C:/Users/Ian/Documents/GitHub/FYP-FirstBlood/FYP_FirstBlood/Content/Meshes/FPS_Weapon_Bundle/Weapons/Meshes/M9_Knife/SK_M9_Knife.uasset" 456
"C:/Users/Ian/Documents/GitHub/FYP-FirstBlood/FYP_FirstBlood/Content/Meshes/FPS_Weapon_Bundle/Weapons/Meshes/M9_Knife/SM_M9_Knife.uasset" 457
"C:/Users/Ian/Documents/GitHub/FYP-FirstBlood/FYP_FirstBlood/Content/Meshes/FPS_Weapon_Bundle/Weapons/Meshes/M9_Knife/SM_M9_Knife_X.uasset" 458
"C:/Users/Ian/Documents/GitHub/FYP-FirstBlood/FYP_FirstBlood/Content/Meshes/FPS_Weapon_Bundle/Weapons/Meshes/SMG11/SK_SMG11_Nostock_X_Skeleton.uasset" 459
"C:/Users/Ian/Documents/GitHub/FYP-FirstBlood/FYP_FirstBlood/Content/Meshes/FPS_Weapon_Bundle/Weapons/Meshes/SMG11/SK_SMG11_Nostock_X_Physics.uasset" 460
"C:/Users/Ian/Documents/GitHub/FYP-FirstBlood/FYP_FirstBlood/Content/Meshes/FPS_Weapon_Bundle/Weapons/Textures/Ammunition/T_9mm_NRM.uasset" 461
"C:/Users/Ian/Documents/GitHub/FYP-FirstBlood/FYP_FirstBlood/Content/Meshes/FPS_Weapon_Bundle/Weapons/Textures/Ammunition/T_9mm_M_MSK.uasset" 462
"C:/Users/Ian/Documents/GitHub/FYP-FirstBlood/FYP_FirstBlood/Content/Meshes/FPS_Weapon_Bundle/Weapons/Textures/Ammunition/T_9mm_ALB.uasset" 463
"C:/Users/Ian/Documents/GitHub/FYP-FirstBlood/FYP_FirstBlood/Content/Meshes/FPS_Weapon_Bundle/Weapons/Materials/Ammunition/M_9mm.uasset" 464
"C:/Users/Ian/Documents/GitHub/FYP-FirstBlood/FYP_FirstBlood/Content/Meshes/FPS_Weapon_Bundle/Weapons/Meshes/SMG11/SK_SMG11_Nostock_X.uasset" 465
"C:/Users/Ian/Documents/GitHub/FYP-FirstBlood/FYP_FirstBlood/Content/Meshes/FPS_Weapon_Bundle/Weapons/Meshes/SMG11/SK_SMG11_X_Skeleton.uasset" 466
"C:/Users/Ian/Documents/GitHub/FYP-FirstBlood/FYP_FirstBlood/Content/Meshes/FPS_Weapon_Bundle/Weapons/Meshes/SMG11/SK_SMG11_X_Physics.uasset" 467
"C:/Users/Ian/Documents/GitHub/FYP-FirstBlood/FYP_FirstBlood/Content/Meshes/FPS_Weapon_Bundle/Weapons/Meshes/SMG11/SK_SMG11_X.uasset" 468
"C:/Users/Ian/Documents/GitHub/FYP-FirstBlood/FYP_FirstBlood/Content/Meshes/FPS_Weapon_Bundle/Weapons/Meshes/SMG11/SM_SMG11_Mag_Empty_Y.uasset" 469
"C:/Users/Ian/Documents/GitHub/FYP-FirstBlood/FYP_FirstBlood/Content/Meshes/FPS_Weapon_Bundle/Weapons/Meshes/SMG11/SM_SMG11_Nostock_X.uasset" 470
"C:/Users/Ian/Documents/GitHub/FYP-FirstBlood/FYP_FirstBlood/Content/Meshes/FPS_Weapon_Bundle/Weapons/Meshes/SMG11/SM_SMG11_Nostock_Y.uasset" 471
"C:/Users/Ian/Documents/GitHub/FYP-FirstBlood/FYP_FirstBlood/Content/Meshes/FPS_Weapon_Bundle/Weapons/Meshes/SMG11/SM_SMG11_X.uasset" 472
"C:/Users/Ian/Documents/GitHub/FYP-FirstBlood/FYP_FirstBlood/Content/Meshes/FPS_Weapon_Bundle/Weapons/Textures/Patterns/T_80s_Pattern.uasset" 473
"C:/Users/Ian/Documents/GitHub/FYP-FirstBlood/FYP_FirstBlood/Content/Meshes/FPS_Weapon_Bundle/Weapons/Textures/Patterns/T_Chochip_Pattern.uasset" 474
"C:/Users/Ian/Documents/GitHub/FYP-FirstBlood/FYP_FirstBlood/Content/Meshes/FPS_Weapon_Bundle/Weapons/Textures/Patterns/T_Cracks_Pattern.uasset" 475
"C:/Users/Ian/Documents/GitHub/FYP-FirstBlood/FYP_FirstBlood/Content/Meshes/FPS_Weapon_Bundle/Weapons/Textures/Patterns/T_Hexagon_Glow_Pattern.uasset" 476
"C:/Users/Ian/Documents/GitHub/FYP-FirstBlood/FYP_FirstBlood/Content/Meshes/FPS_Weapon_Bundle/Weapons/Textures/Patterns/T_Hexagon_Pattern.uasset" 477
"C:/Users/Ian/Documents/GitHub/FYP-FirstBlood/FYP_FirstBlood/Content/Meshes/FPS_Weapon_Bundle/Weapons/Textures/Patterns/T_Ink_Pattern.uasset" 478
"C:/Users/Ian/Documents/GitHub/FYP-FirstBlood/FYP_FirstBlood/Content/Meshes/FPS_Weapon_Bundle/Weapons/Textures/Patterns/T_Net01_Pattern.uasset" 479
"C:/Users/Ian/Documents/GitHub/FYP-FirstBlood/FYP_FirstBlood/Content/Meshes/FPS_Weapon_Bundle/Weapons/Textures/Patterns/T_W90K_Pattern.uasset" 480
"C:/Users/Ian/Documents/GitHub/FYP-FirstBlood/FYP_FirstBlood/Content/Meshes/FPS_Weapon_Bundle/Weapons/Textures/Patterns/T_W90_Pattern.uasset" 481
"C:/Users/Ian/Documents/GitHub/FYP-FirstBlood/FYP_FirstBlood/Content/Meshes/GrenadeLauncher/source/topaint1307_uv_overlapped.uasset" 482
"C:/Users/Ian/Documents/GitHub/FYP-FirstBlood/FYP_FirstBlood/Content/MSPresets/Atlas_Material/Atlas_Material.uasset" 483
"C:/Users/Ian/Documents/GitHub/FYP-FirstBlood/FYP_FirstBlood/Content/MSPresets/MSTextures/AlbedoVT.uasset" 484
"C:/Users/Ian/Documents/GitHub/FYP-FirstBlood/FYP_FirstBlood/Content/MSPresets/MSTextures/AO.uasset" 485
"C:/Users/Ian/Documents/GitHub/FYP-FirstBlood/FYP_FirstBlood/Content/MSPresets/MSTextures/MetalnessVT.uasset" 486
"C:/Users/Ian/Documents/GitHub/FYP-FirstBlood/FYP_FirstBlood/Content/MSPresets/MSTextures/noise_mask.uasset" 487
"C:/Users/Ian/Documents/GitHub/FYP-FirstBlood/FYP_FirstBlood/Content/MSPresets/MSTextures/noise_normal.uasset" 488
"C:/Users/Ian/Documents/GitHub/FYP-FirstBlood/FYP_FirstBlood/Content/MSPresets/MSTextures/NormalVT.uasset" 489
"C:/Users/Ian/Documents/GitHub/FYP-FirstBlood/FYP_FirstBlood/Content/MSPresets/MSTextures/RoughnessVT.uasset" 490
"C:/Users/Ian/Documents/GitHub/FYP-FirstBlood/FYP_FirstBlood/Content/MSPresets/MS_DefaultMaterial/Functions/MF_Displacement.uasset" 491
"C:/Users/Ian/Documents/GitHub/FYP-FirstBlood/FYP_FirstBlood/Content/MSPresets/MS_DefaultMaterial/Functions/MF_Fuzz.uasset" 492
"C:/Users/Ian/Documents/GitHub/FYP-FirstBlood/FYP_FirstBlood/Content/UI_Assets/Color_Matte.uasset" 493
"C:/Users/Ian/Documents/GitHub/FYP-FirstBlood/FYP_FirstBlood/Content/UI_Assets/T_ReloadRing.uasset" 494
"../../../Engine/Content/ArtTools/RenderToTexture/Meshes/S_1_Unit_Plane.uasset" 495
"../../../Engine/Content/BasicShapes/Cone.uasset" 496
"../../../Engine/Content/BasicShapes/Plane.uasset" 497
"../../../Engine/Content/EditorLandscapeResources/DataLayer.uasset" 498
"../../../Engine/Content/EditorLandscapeResources/DefaultAlphaTexture.uasset" 499
"../../../Engine/Content/EditorMaterials/MAT_Groups_Toggle.uasset" 500
"../../../Engine/Content/EditorMaterials/MAT_Groups_Visibility.uasset" 501
"../../../Engine/Content/EditorMaterials/PreviewShadowIndicator.uasset" 502
"../../../Engine/Content/EditorMaterials/PreviewShadowIndicatorMaterial.uasset" 503
"../../../Engine/Content/EditorMaterials/MatineeGroups/MAT_ColorTrack.uasset" 504
"../../../Engine/Content/EditorMaterials/MatineeGroups/MAT_Groups_Anim.uasset" 505
"../../../Engine/Content/EditorMaterials/MatineeGroups/MAT_Groups_AudioMaster.uasset" 506
"../../../Engine/Content/EditorMaterials/MatineeGroups/MAT_Groups_Director.uasset" 507
"../../../Engine/Content/EditorMaterials/MatineeGroups/MAT_Groups_Event.uasset" 508
"../../../Engine/Content/EditorMaterials/MatineeGroups/MAT_Groups_Fade.uasset" 509
"../../../Engine/Content/EditorMaterials/MatineeGroups/MAT_Groups_Float.uasset" 510
"../../../Engine/Content/EditorMaterials/MatineeGroups/MAT_Groups_Move.uasset" 511
"../../../Engine/Content/EditorMaterials/MatineeGroups/MAT_Groups_Slomo.uasset" 512
"../../../Engine/Content/EditorMaterials/MatineeGroups/MAT_Groups_Sound.uasset" 513
"../../../Engine/Content/EditorMaterials/MatineeGroups/MAT_Groups_Vector.uasset" 514
"../../../Engine/Content/EditorMaterials/ParticleSystems/PSysThumbnail_NoImage.uasset" 515
"../../../Engine/Content/EditorMaterials/ParticleSystems/PSysThumbnail_OOD.uasset" 516
"../../../Engine/Content/EditorMaterials/Camera/CineMat.uasset" 517
"../../../Engine/Content/EditorMaterials/Camera/MI_CineMat_Rig.uasset" 518
"../../../Engine/Content/EditorMeshes/Camera/SM_CraneRig_Arm.uasset" 519
"../../../Engine/Content/EditorMeshes/Camera/SM_CraneRig_Base.uasset" 520
"../../../Engine/Content/EditorMeshes/Camera/SM_CraneRig_Body.uasset" 521
"../../../Engine/Content/EditorMeshes/Camera/SM_CraneRig_Mount.uasset" 522
"../../../Engine/Content/EditorMeshes/Camera/SM_RailRig_Mount.uasset" 523
"../../../Engine/Content/EditorMeshes/Camera/SM_RailRig_Track.uasset" 524
"../../../Engine/Content/EditorResources/BSPVertex.uasset" 525
"../../../Engine/Content/EditorResources/EmptyActor.uasset" 526
"../../../Engine/Content/EditorResources/S_Actor.uasset" 527
"../../../Engine/Content/EditorResources/S_Note.uasset" 528
"../../../Engine/Content/EditorResources/S_Solver.uasset" 529
"../../../Engine/Content/EditorResources/S_Terrain.uasset" 530
"../../../Engine/Content/EditorResources/S_Trigger.uasset" 531
"../../../Engine/Content/EditorResources/LightIcons/S_LightError.uasset" 532
"../../../Engine/Content/EditorResources/SequenceRecorder/Countdown.uasset" 533
"../../../Engine/Content/EditorResources/SequenceRecorder/RecordingIndicator.uasset" 534
"../../../Engine/Content/EngineDamageTypes/DmgTypeBP_Environmental.uasset" 535
"../../../Engine/Content/EngineDebugMaterials/DebugEditorMaterial.uasset" 536
"../../../Engine/Content/EngineDebugMaterials/DebugMeshMaterial.uasset" 537
"../../../Engine/Content/EngineDebugMaterials/M_SimpleUnlitTranslucent.uasset" 538
"../../../Engine/Content/EngineDebugMaterials/VolumeToRender.uasset" 539
"../../../Engine/Content/Functions/Engine_MaterialFunctions02/Utility/CameraDirectionVector.uasset" 540
"../../../Engine/Content/EngineDebugMaterials/M_VolumeRenderSphereTracePP.uasset" 541
"../../../Engine/Content/Functions/Engine_MaterialFunctions01/Shading/ConvertFromDiffSpec.uasset" 542
"../../../Engine/Content/EngineDebugMaterials/VertexColorMaterial.uasset" 543
"../../../Engine/Content/EngineDebugMaterials/WireframeMaterial.uasset" 544
"../../../Engine/Content/EngineFonts/Faces/RobotoRegular.uasset" 545
"../../../Engine/Content/EngineFonts/Faces/RobotoLight.uasset" 546
"../../../Engine/Content/EngineFonts/Faces/RobotoItalic.uasset" 547
"../../../Engine/Content/EngineFonts/Faces/RobotoBoldItalic.uasset" 548
"../../../Engine/Content/EngineFonts/Faces/RobotoBold.uasset" 549
"../../../Engine/Content/EngineFonts/Faces/DroidSansFallback.uasset" 550
"../../../Engine/Content/EngineFonts/Roboto.uasset" 551
"../../../Engine/Content/EngineMaterials/BaseFlattenNormalMap.uasset" 552
"../../../Engine/Content/EngineMaterials/BaseFlattenGrayscaleMap.uasset" 553
"../../../Engine/Content/EngineMaterials/BaseFlattenEmissiveMap.uasset" 554
"../../../Engine/Content/EngineMaterials/BaseFlattenDiffuseMap.uasset" 555
"../../../Engine/Content/EngineMaterials/BaseFlattenMaterial.uasset" 556
"../../../Engine/Content/EngineMaterials/BlueNoise.uasset" 557
"../../../Engine/Content/EngineMaterials/DefaultBloomKernel.uasset" 558
"../../../Engine/Content/EngineMaterials/DefaultBokeh.uasset" 559
"../../../Engine/Content/EngineMaterials/DefaultDeferredDecalMaterial.uasset" 560
"../../../Engine/Content/EngineMaterials/DefaultLightFunctionMaterial.uasset" 561
"../../../Engine/Content/Functions/Engine_MaterialFunctions02/Utility/BreakOutFloat2Components.uasset" 562
"../../../Engine/Content/EngineMaterials/DefaultPostProcessMaterial.uasset" 563
"../../../Engine/Content/EngineFonts/RobotoDistanceField.uasset" 564
"../../../Engine/Content/EngineMaterials/DefaultTextMaterialOpaque.uasset" 565
"../../../Engine/Content/EngineMaterials/DefaultWhiteGrid_Low.uasset" 566
"../../../Engine/Content/EngineMaterials/EmissiveMeshMaterial.uasset" 567
"../../../Engine/Content/EngineMaterials/GizmoMaterial.uasset" 568
"../../../Engine/Content/EngineMaterials/Good64x64TilingNoiseHighFreq.uasset" 569
"../../../Engine/Content/EngineMaterials/MiniFont.uasset" 570
"../../../Engine/Content/EngineMaterials/InvalidLightmapSettings.uasset" 571
"../../../Engine/Content/EngineMaterials/M_InvalidLightmapSettings.uasset" 572
"../../../Engine/Content/Functions/Engine_MaterialFunctions02/WorldPositionOffset/CameraOffset.uasset" 573
"../../../Engine/Content/EngineMaterials/PhAT_JointLimitMaterial.uasset" 574
"../../../Engine/Content/EngineMaterials/PreintegratedSkinBRDF.uasset" 575
"../../../Engine/Content/EngineMaterials/RemoveSurfaceMaterial.uasset" 576
"../../../Engine/Content/EngineMaterials/WeightMapPlaceholderTexture.uasset" 577
"../../../Engine/Content/EngineResources/WhiteSquareTexture.uasset" 578
"../../../Engine/Content/EngineMaterials/Widget3DPassThrough.uasset" 579
"../../../Engine/Content/EngineMaterials/Widget3DPassThrough_Masked.uasset" 580
"../../../Engine/Content/EngineMaterials/Widget3DPassThrough_Opaque.uasset" 581
"../../../Engine/Content/EngineMaterials/Widget3DPassThrough_Masked_OneSided.uasset" 582
"../../../Engine/Content/EngineMaterials/Widget3DPassThrough_Opaque_OneSided.uasset" 583
"../../../Engine/Content/EngineMaterials/Widget3DPassThrough_Translucent.uasset" 584
"../../../Engine/Content/EngineMaterials/Widget3DPassThrough_Translucent_OneSided.uasset" 585
"../../../Engine/Content/EngineMeshes/Cylinder.uasset" 586
"../../../Engine/Content/EngineMeshes/Sphere.uasset" 587
"../../../Engine/Content/EngineResources/DefaultTextureCube.uasset" 588
"../../../Engine/Content/EngineResources/DefaultVolumeTexture2D.uasset" 589
"../../../Engine/Content/EngineResources/DefaultVolumeTexture.uasset" 590
"../../../Engine/Content/EngineResources/GradientTexture0.uasset" 591
"../../../Engine/Content/EngineSky/VolumetricClouds/T_NoiseShape64.uasset" 592
"../../../Engine/Content/EngineSky/VolumetricClouds/T_VolumeNoiseShape64.uasset" 593
"../../../Engine/Content/EngineSky/VolumetricClouds/T_NoiseErosion.uasset" 594
"../../../Engine/Content/EngineSky/VolumetricClouds/T_VolumeNoiseErosion32.uasset" 595
"../../../Engine/Content/EngineSky/VolumetricClouds/CloudWeatherTexture.uasset" 596
"../../../Engine/Content/EngineSky/VolumetricClouds/CloudGradientTexture.uasset" 597
"../../../Engine/Content/EngineSky/VolumetricClouds/m_SimpleVolumetricCloud.uasset" 598
"../../../Engine/Content/EngineSky/VolumetricClouds/m_SimpleVolumetricCloud_Inst.uasset" 599
"../../../Engine/Content/EngineSounds/Master.uasset" 600
"../../../Engine/Content/Functions/Engine_MaterialFunctions01/Shading/PowerToRoughness.uasset" 601
"../../../Engine/Content/Maps/Templates/Thumbnails/Default.uasset" 602
"../../../Engine/Content/Maps/Templates/Thumbnails/TimeOfDay.uasset" 603
"../../../Engine/Content/Maps/Templates/Thumbnails/VR-Basic.uasset" 604
"../../../Engine/Content/MobileResources/T_MobileControls_texture.uasset" 605
"../../../Engine/Content/MobileResources/T_MobileMenu2.uasset" 606
"../../../Engine/Content/MobileResources/HUD/AnalogHat.uasset" 607
"../../../Engine/Content/MobileResources/HUD/VirtualJoystick_Thumb.uasset" 608
"../../../Engine/Content/MobileResources/HUD/VirtualJoystick_Background.uasset" 609
"../../../Engine/Content/MobileResources/HUD/DefaultVirtualJoysticks.uasset" 610
"../../../Engine/Content/MobileResources/HUD/LeftVirtualJoystickOnly.uasset" 611
"../../../Engine/Content/MobileResources/HUD/MobileHUDButton1_off.uasset" 612
"../../../Engine/Content/MobileResources/HUD/MobileHUDButton1_on.uasset" 613
"../../../Engine/Content/MobileResources/HUD/MobileHUDButton2_off.uasset" 614
"../../../Engine/Content/MobileResources/HUD/MobileHUDButton2_on.uasset" 615
"../../../Engine/Content/MobileResources/HUD/MobileHUDButton3.uasset" 616
"../../../Engine/Content/MobileResources/HUD/MobileHUDButtonFire.uasset" 617
"../../../Engine/Content/MobileResources/HUD/MobileHUDDirectionPad.uasset" 618
"../../../Engine/Content/MobileResources/HUD/MobileHUDDirectionPad2.uasset" 619
"../../../Engine/Content/MobileResources/HUD/MobileHUDDirectionPad3.uasset" 620
"../../../Engine/Content/MobileResources/HUD/MobileHUDDirectionStick.uasset" 621
"../../../Engine/Content/MobileResources/HUD/T_Castle_ThumbstickInner.uasset" 622
"../../../Engine/Content/MobileResources/HUD/T_Castle_ThumbstickOutter.uasset" 623
"../../../Engine/Content/Tutorial/ContentIntroCurve.uasset" 624
"../../../Engine/Content/Tutorial/Basics/LevelEditorAttract.uasset" 625
"../../../Engine/Content/Tutorial/BlueprintTutorials/TutorialAssets/Blueprint_64x.uasset" 626
"../../../Engine/Content/Tutorial/BlueprintTutorials/BlueprintEditorTutorial.uasset" 627
"../../../Engine/Content/VREditor/TransformGizmo/TranslucentTransformGizmoMaterial.uasset" 628
"../../../Engine/Content/VREditor/LaserPointer/VR_LaserPower_01.uasset" 629
"../../../Engine/Content/VREditor/TransformGizmo/TransformGizmoMaterial.uasset" 630
"../../../Engine/Content/VREditor/TransformGizmo/BoundingBoxCorner.uasset" 631
"../../../Engine/Content/VREditor/TransformGizmo/BoundingBoxEdge.uasset" 632
"../../../Engine/Content/VREditor/TransformGizmo/PlaneTranslationHandle.uasset" 633
"../../../Engine/Content/VREditor/TransformGizmo/Xray.uasset" 634
"../../../Engine/Content/VREditor/TransformGizmo/Main.uasset" 635
"../../../Engine/Content/VREditor/TransformGizmo/SM_Sequencer_Key.uasset" 636
"../../../Engine/Content/VREditor/TransformGizmo/SM_Sequencer_Node.uasset" 637
"../../Plugins/2D/Paper2D/Content/PlaceholderTextures/DummySpriteTexture.uasset" 638
"../../Plugins/2D/Paper2D/Content/DummySprite.uasset" 639
"../../Plugins/2D/Paper2D/Content/DefaultPaperTerrainMaterial.uasset" 640
"../../Plugins/2D/Paper2D/Content/DefaultSpriteMaterial.uasset" 641
"../../Plugins/2D/Paper2D/Content/MaskedUnlitSpriteMaterial.uasset" 642
"../../Plugins/2D/Paper2D/Content/OpaqueUnlitSpriteMaterial.uasset" 643
"../../../Engine/Content/Functions/Engine_MaterialFunctions02/Utility/BreakOutFloat3Components.uasset" 644
"../../Plugins/Editor/SpeedTreeImporter/Content/SpeedTree9/UnpackInteger3.uasset" 645
"../../Plugins/Editor/SpeedTreeImporter/Content/SpeedTree9/UnpackDirection.uasset" 646
"../../Plugins/Editor/SpeedTreeImporter/Content/SpeedTree9/game_wind_noise.uasset" 647
"../../../Engine/Content/Functions/Engine_MaterialFunctions02/SafeNormalize.uasset" 648
"../../Plugins/Editor/SpeedTreeImporter/Content/SpeedTree9/SpeedTreeWindMotion.uasset" 649
"../../Plugins/Editor/SpeedTreeImporter/Content/SpeedTree9/SpeedTreeBranchMotion.uasset" 650
"../../../Engine/Content/Functions/Engine_MaterialFunctions02/ObjectLocalBounds.uasset" 651
"../../../Engine/Content/Functions/Engine_MaterialFunctions02/UVs/BoundingBoxBased_0-1_UVW.uasset" 652
"../../Plugins/Editor/SpeedTreeImporter/Content/SpeedTree9/SpeedTreeWind.uasset" 653
"../../Plugins/Editor/SpeedTreeImporter/Content/SpeedTree9/SpeedTreeBillboard.uasset" 654
"../../../Engine/Content/EngineResources/DefaultTexture.uasset" 655
"../../Plugins/Editor/SpeedTreeImporter/Content/SpeedTree9/SpeedTreeBillboardMaster.uasset" 656
"../../Plugins/Editor/SpeedTreeImporter/Content/SpeedTree9/SpeedTreeCameraFacing.uasset" 657
"../../Plugins/Editor/SpeedTreeImporter/Content/SpeedTree9/SpeedTreeMaster.uasset" 658
"../../../Engine/Content/BasicShapes/Cylinder.uasset" 659
"../../../Engine/Content/ArtTools/RenderToTexture/Materials/Debug/M_Emissive_Color.uasset" 660
"../../Plugins/Lumin/MagicLeapPassableWorld/Content/MagicLeapARPinInfoActor.uasset" 661
"../../../Engine/Content/Functions/Engine_MaterialFunctions02/Utility/BreakOutFloat4Components.uasset" 662
"../../../Engine/Content/Functions/Engine_MaterialFunctions02/Utility/MakeFloat3.uasset" 663
"../../Plugins/Runtime/Oculus/OculusVR/Content/Materials/OculusMR_ChromaKey.uasset" 664
"../../Plugins/Runtime/Oculus/OculusVR/Content/Materials/OculusMR_OpaqueColoredMaterial.uasset" 665
"../../Plugins/Runtime/Oculus/OculusVR/Content/Materials/PokeAHoleMaterial.uasset" 666
"C:/Users/Ian/Documents/GitHub/FYP-FirstBlood/FYP_FirstBlood/Content/Megascans/3D_Assets/Wooden_Pallet_vh1jegi/Roughness_2K_vh1jegi.uasset" 667
"C:/Users/Ian/Documents/GitHub/FYP-FirstBlood/FYP_FirstBlood/Content/Megascans/3D_Assets/Wooden_Pallet_vh1jegi/Normal_2K_LOD0_vh1jegi.uasset" 668
"C:/Users/Ian/Documents/GitHub/FYP-FirstBlood/FYP_FirstBlood/Content/Megascans/3D_Assets/Wooden_Pallet_vh1jegi/Albedo_2K_vh1jegi.uasset" 669
"C:/Users/Ian/Documents/GitHub/FYP-FirstBlood/FYP_FirstBlood/Content/Megascans/3D_Assets/Wooden_Pallet_vh1jegi/Wooden_Pallet_vh1jegi_inst.uasset" 670
"C:/Users/Ian/Documents/GitHub/FYP-FirstBlood/FYP_FirstBlood/Content/Meshes/SM_MERGED_Wooden_Pallet.uasset" 671
"C:/Users/Ian/Documents/GitHub/FYP-FirstBlood/FYP_FirstBlood/Content/Megascans/3D_Assets/Wooden_Post_tgnicbnfa/Wooden_Post_tgnicbnfa_inst.uasset" 672
"C:/Users/Ian/Documents/GitHub/FYP-FirstBlood/FYP_FirstBlood/Content/Megascans/3D_Assets/Wooden_Post_tgnicbnfa/Wooden_Post_LOD0_tgnicbnfa.uasset" 673
"C:/Users/Ian/Documents/GitHub/FYP-FirstBlood/FYP_FirstBlood/Content/Megascans/3D_Assets/Wooden_Pallet_vh1jegi/Wooden_Pallet_LOD0_vh1jegi.uasset" 674
"C:/Users/Ian/Documents/GitHub/FYP-FirstBlood/FYP_FirstBlood/Content/Megascans/3D_Assets/Wooden_Crate_ulehaj3fa/Roughness_2K_ulehaj3fa.uasset" 675
"C:/Users/Ian/Documents/GitHub/FYP-FirstBlood/FYP_FirstBlood/Content/Megascans/3D_Assets/Wooden_Crate_ulehaj3fa/Normal_2K_LOD0_ulehaj3fa.uasset" 676
"C:/Users/Ian/Documents/GitHub/FYP-FirstBlood/FYP_FirstBlood/Content/Megascans/3D_Assets/Wooden_Crate_ulehaj3fa/Albedo_2K_ulehaj3fa.uasset" 677
"C:/Users/Ian/Documents/GitHub/FYP-FirstBlood/FYP_FirstBlood/Content/Megascans/3D_Assets/Wooden_Crate_ulehaj3fa/Wooden_Crate_ulehaj3fa_inst.uasset" 678
"C:/Users/Ian/Documents/GitHub/FYP-FirstBlood/FYP_FirstBlood/Content/Megascans/3D_Assets/Wooden_Crate_ulehaj3fa/Wooden_Crate_LOD0_ulehaj3fa.uasset" 679
"C:/Users/Ian/Documents/GitHub/FYP-FirstBlood/FYP_FirstBlood/Content/Megascans/3D_Assets/Wooden_Ammo_Crate_ue1jcibfa/Roughness_2K_ue1jcibfa.uasset" 680
"C:/Users/Ian/Documents/GitHub/FYP-FirstBlood/FYP_FirstBlood/Content/Megascans/3D_Assets/Wooden_Ammo_Crate_ue1jcibfa/Normal_2K_LOD0_ue1jcibfa.uasset" 681
"C:/Users/Ian/Documents/GitHub/FYP-FirstBlood/FYP_FirstBlood/Content/Megascans/3D_Assets/Wooden_Ammo_Crate_ue1jcibfa/Albedo_2K_ue1jcibfa.uasset" 682
"C:/Users/Ian/Documents/GitHub/FYP-FirstBlood/FYP_FirstBlood/Content/Megascans/3D_Assets/Wooden_Ammo_Crate_ue1jcibfa/Wooden_Ammo_Crate_ue1jcibfa_inst.uasset" 683
"C:/Users/Ian/Documents/GitHub/FYP-FirstBlood/FYP_FirstBlood/Content/Megascans/3D_Assets/Wooden_Ammo_Crate_ue1jcibfa/Wooden_Ammo_Crate_LOD0_ue1jcibfa.uasset" 684
"C:/Users/Ian/Documents/GitHub/FYP-FirstBlood/FYP_FirstBlood/Content/Megascans/3D_Assets/Tundra_Small_Stone_vjcqbil/Roughness_2K_vjcqbil.uasset" 685
"C:/Users/Ian/Documents/GitHub/FYP-FirstBlood/FYP_FirstBlood/Content/Megascans/3D_Assets/Tundra_Small_Stone_vjcqbil/Normal_2K_LOD0_vjcqbil.uasset" 686
"C:/Users/Ian/Documents/GitHub/FYP-FirstBlood/FYP_FirstBlood/Content/Megascans/3D_Assets/Tundra_Small_Stone_vjcqbil/Albedo_2K_vjcqbil.uasset" 687
"C:/Users/Ian/Documents/GitHub/FYP-FirstBlood/FYP_FirstBlood/Content/Megascans/3D_Assets/Tundra_Small_Stone_vjcqbil/Tundra_Small_Stone_vjcqbil_inst.uasset" 688
"C:/Users/Ian/Documents/GitHub/FYP-FirstBlood/FYP_FirstBlood/Content/Megascans/3D_Assets/Tundra_Small_Stone_vjcqbil/Tundra_Small_Stone_LOD0_vjcqbil.uasset" 689
"C:/Users/Ian/Documents/GitHub/FYP-FirstBlood/FYP_FirstBlood/Content/Megascans/3D_Assets/Tundra_Small_Stone_vixtbfidw/Roughness_2K_vixtbfidw.uasset" 690
"C:/Users/Ian/Documents/GitHub/FYP-FirstBlood/FYP_FirstBlood/Content/Megascans/3D_Assets/Tundra_Small_Stone_vixtbfidw/Normal_2K_LOD0_vixtbfidw.uasset" 691
"C:/Users/Ian/Documents/GitHub/FYP-FirstBlood/FYP_FirstBlood/Content/Megascans/3D_Assets/Tundra_Small_Stone_vixtbfidw/Albedo_2K_vixtbfidw.uasset" 692
"C:/Users/Ian/Documents/GitHub/FYP-FirstBlood/FYP_FirstBlood/Content/Megascans/3D_Assets/Tundra_Small_Stone_vixtbfidw/Tundra_Small_Stone_vixtbfidw_inst.uasset" 693
"C:/Users/Ian/Documents/GitHub/FYP-FirstBlood/FYP_FirstBlood/Content/Megascans/3D_Assets/Tundra_Small_Stone_vixtbfidw/Tundra_Small_Stone_LOD0_vixtbfidw.uasset" 694
"C:/Users/Ian/Documents/GitHub/FYP-FirstBlood/FYP_FirstBlood/Content/Megascans/3D_Assets/Tundra_Small_Stone_vixtbdndw/Roughness_2K_vixtbdndw.uasset" 695
"C:/Users/Ian/Documents/GitHub/FYP-FirstBlood/FYP_FirstBlood/Content/Megascans/3D_Assets/Tundra_Small_Stone_vixtbdndw/Normal_2K_LOD0_vixtbdndw.uasset" 696
"C:/Users/Ian/Documents/GitHub/FYP-FirstBlood/FYP_FirstBlood/Content/Megascans/3D_Assets/Tundra_Small_Stone_vixtbdndw/Albedo_2K_vixtbdndw.uasset" 697
"C:/Users/Ian/Documents/GitHub/FYP-FirstBlood/FYP_FirstBlood/Content/Megascans/3D_Assets/Tundra_Small_Stone_vixtbdndw/Tundra_Small_Stone_vixtbdndw_inst.uasset" 698
"C:/Users/Ian/Documents/GitHub/FYP-FirstBlood/FYP_FirstBlood/Content/Megascans/3D_Assets/Tundra_Small_Stone_vixtbdndw/Tundra_Small_Stone_LOD0_vixtbdndw.uasset" 699
"C:/Users/Ian/Documents/GitHub/FYP-FirstBlood/FYP_FirstBlood/Content/Megascans/3D_Assets/Sandbag_Pile_udqjbg1qx/Normal_2K_LOD0_udqjbg1qx.uasset" 700
"C:/Users/Ian/Documents/GitHub/FYP-FirstBlood/FYP_FirstBlood/Content/Megascans/3D_Assets/Sandbag_Pile_udqjbg1qx/Roughness_2K_udqjbg1qx.uasset" 701
"C:/Users/Ian/Documents/GitHub/FYP-FirstBlood/FYP_FirstBlood/Content/Megascans/3D_Assets/Sandbag_Pile_udqjbg1qx/Albedo_2K_udqjbg1qx.uasset" 702
"C:/Users/Ian/Documents/GitHub/FYP-FirstBlood/FYP_FirstBlood/Content/Megascans/3D_Assets/Sandbag_Pile_udqjbg1qx/Sandbag_Pile_udqjbg1qx_inst.uasset" 703
"C:/Users/Ian/Documents/GitHub/FYP-FirstBlood/FYP_FirstBlood/Content/Megascans/3D_Assets/Sandbag_Pile_udqjbg1qx/Sandbag_Pile_LOD0_udqjbg1qx.uasset" 704
"C:/Users/Ian/Documents/GitHub/FYP-FirstBlood/FYP_FirstBlood/Content/Megascans/3D_Assets/Sandbag_Barrier_udtvadqfa/Roughness_2K_udtvadqfa.uasset" 705
"C:/Users/Ian/Documents/GitHub/FYP-FirstBlood/FYP_FirstBlood/Content/Megascans/3D_Assets/Sandbag_Barrier_udtvadqfa/Normal_2K_LOD0_udtvadqfa.uasset" 706
"C:/Users/Ian/Documents/GitHub/FYP-FirstBlood/FYP_FirstBlood/Content/Megascans/3D_Assets/Sandbag_Barrier_udtvadqfa/Albedo_2K_udtvadqfa.uasset" 707
"C:/Users/Ian/Documents/GitHub/FYP-FirstBlood/FYP_FirstBlood/Content/Megascans/3D_Assets/Sandbag_Barrier_udtvadqfa/Sandbag_Barrier_udtvadqfa_inst.uasset" 708
"C:/Users/Ian/Documents/GitHub/FYP-FirstBlood/FYP_FirstBlood/Content/Megascans/3D_Assets/Sandbag_Barrier_udtvadqfa/Sandbag_Barrier_LOD0_udtvadqfa.uasset" 709
"C:/Users/Ian/Documents/GitHub/FYP-FirstBlood/FYP_FirstBlood/Content/Megascans/3D_Assets/Rusty_Metal_Barrel_ui1maewga/Roughness_2K_ui1maewga.uasset" 710
"C:/Users/Ian/Documents/GitHub/FYP-FirstBlood/FYP_FirstBlood/Content/Megascans/3D_Assets/Rusty_Metal_Barrel_ui1maewga/Normal_2K_LOD0_ui1maewga.uasset" 711
"C:/Users/Ian/Documents/GitHub/FYP-FirstBlood/FYP_FirstBlood/Content/Megascans/3D_Assets/Rusty_Metal_Barrel_ui1maewga/Albedo_2K_ui1maewga.uasset" 712
"C:/Users/Ian/Documents/GitHub/FYP-FirstBlood/FYP_FirstBlood/Content/Megascans/3D_Assets/Rusty_Metal_Barrel_ui1maewga/Rusty_Metal_Barrel_ui1maewga_inst.uasset" 713
"C:/Users/Ian/Documents/GitHub/FYP-FirstBlood/FYP_FirstBlood/Content/Megascans/3D_Assets/Rusty_Metal_Barrel_ui1maewga/Rusty_Metal_Barrel_LOD0_ui1maewga.uasset" 714
"C:/Users/Ian/Documents/GitHub/FYP-FirstBlood/FYP_FirstBlood/Content/Materials/Megascans/3D_Assets/Sandbag_Barrier/Sandbag_Barrier.uasset" 715
"C:/Users/Ian/Documents/GitHub/FYP-FirstBlood/FYP_FirstBlood/Content/Materials/Megascans/3D_Assets/Sandbag_Barrier/Sandbag_Barrier_LOD0.uasset" 716
"../../../Engine/Content/EngineSky/T_Sky_Stars.uasset" 717
"../../../Engine/Content/EngineSky/T_Sky_Clouds_M.uasset" 718
"../../../Engine/Content/EngineSky/T_Sky_Blue.uasset" 719
"../../../Engine/Content/EngineMaterials/DefaultPhysicalMaterial.uasset" 720
"C:/Users/Ian/Documents/GitHub/FYP-FirstBlood/FYP_FirstBlood/Content/Materials/Megascans/Surfaces/M_RockyGround/M_RockyGround.uasset" 721
"C:/Users/Ian/Documents/GitHub/FYP-FirstBlood/FYP_FirstBlood/Content/Materials/DirectionalSands/MI_SandbagPile.uasset" 722
"C:/Users/Ian/Documents/GitHub/FYP-FirstBlood/FYP_FirstBlood/Content/Materials/DirectionalSands/MI_SandbagCorner.uasset" 723
"../../../Engine/Content/EngineSky/M_Sky_Panning_Clouds2.uasset" 724
"C:/Users/Ian/Documents/GitHub/FYP-FirstBlood/FYP_FirstBlood/Content/MainLevel_BuiltData.uasset" 725
"C:/Users/Ian/Documents/GitHub/FYP-FirstBlood/FYP_FirstBlood/Content/Megascans/3D_Assets/Palisade_Strut_tjsvfehfa/Roughness_2K_tjsvfehfa.uasset" 726
"C:/Users/Ian/Documents/GitHub/FYP-FirstBlood/FYP_FirstBlood/Content/Megascans/3D_Assets/Palisade_Strut_tjsvfehfa/Normal_2K_LOD0_tjsvfehfa.uasset" 727
"C:/Users/Ian/Documents/GitHub/FYP-FirstBlood/FYP_FirstBlood/Content/Megascans/3D_Assets/Palisade_Strut_tjsvfehfa/Albedo_2K_tjsvfehfa.uasset" 728
"C:/Users/Ian/Documents/GitHub/FYP-FirstBlood/FYP_FirstBlood/Content/Megascans/3D_Assets/Palisade_Strut_tjsvfehfa/Palisade_Strut_tjsvfehfa_inst.uasset" 729
"C:/Users/Ian/Documents/GitHub/FYP-FirstBlood/FYP_FirstBlood/Content/Megascans/3D_Assets/Palisade_Strut_tjsvfehfa/Palisade_Strut_LOD0_tjsvfehfa.uasset" 730
"C:/Users/Ian/Documents/GitHub/FYP-FirstBlood/FYP_FirstBlood/Content/Blueprints/BP_SaveGame.uasset" 731
"C:/Users/Ian/Documents/GitHub/FYP-FirstBlood/FYP_FirstBlood/Content/Blueprints/BP_CourseTimes.uasset" 732
"C:/Users/Ian/Documents/GitHub/FYP-FirstBlood/FYP_FirstBlood/Content/Blueprints/BP_CourseEnd.uasset" 733
"C:/Users/Ian/Documents/GitHub/FYP-FirstBlood/FYP_FirstBlood/Content/Blueprints/BP_CourseStart.uasset" 734
"../../../Engine/Content/EngineSky/SM_SkySphere.uasset" 735
"../../../Engine/Content/EngineSky/C_Sky_Zenith_Color.uasset" 736
"../../../Engine/Content/EngineSky/C_Sky_Horizon_Color.uasset" 737
"../../../Engine/Content/EngineSky/C_Sky_Cloud_Color.uasset" 738
"../../../Engine/Content/EngineSky/BP_Sky_Sphere.uasset" 739
"C:/Users/Ian/Documents/GitHub/FYP-FirstBlood/FYP_FirstBlood/Content/MainLevel.umap" 740
"../../../Engine/Content/TemplateResources/M_Template_Master.uasset" 741
"../../../Engine/Content/TemplateResources/MI_Template_BaseGray_03_Metal.uasset" 742
"C:/Users/Ian/Documents/GitHub/FYP-FirstBlood/FYP_FirstBlood/Content/AnimStarterPack/Walk_Fwd_Rifle_Ironsights.uasset" 743
"C:/Users/Ian/Documents/GitHub/FYP-FirstBlood/FYP_FirstBlood/Content/AnimStarterPack/Reload_Rifle_Hip.uasset" 744
"C:/Users/Ian/Documents/GitHub/FYP-FirstBlood/FYP_FirstBlood/Content/AnimStarterPack/Idle_Rifle_Hip_Break2.uasset" 745
"C:/Users/Ian/Documents/GitHub/FYP-FirstBlood/FYP_FirstBlood/Content/AnimStarterPack/Idle_Rifle_Hip_Break1.uasset" 746
"C:/Users/Ian/Documents/GitHub/FYP-FirstBlood/FYP_FirstBlood/Content/AnimStarterPack/Hit_React_3.uasset" 747
"C:/Users/Ian/Documents/GitHub/FYP-FirstBlood/FYP_FirstBlood/Content/AnimStarterPack/Hit_React_2.uasset" 748
"C:/Users/Ian/Documents/GitHub/FYP-FirstBlood/FYP_FirstBlood/Content/AnimStarterPack/Hit_React_1.uasset" 749
"C:/Users/Ian/Documents/GitHub/FYP-FirstBlood/FYP_FirstBlood/Content/AnimStarterPack/Fire_Rifle_Ironsights.uasset" 750
"C:/Users/Ian/Documents/GitHub/FYP-FirstBlood/FYP_FirstBlood/Content/AnimStarterPack/Equip_Pistol_Standing.uasset" 751
"C:/Users/Ian/Documents/GitHub/FYP-FirstBlood/FYP_FirstBlood/Content/AnimStarterPack/Crouch_Walk_Fwd_Rifle_Ironsights.uasset" 752
"C:/Users/Ian/Documents/GitHub/FYP-FirstBlood/FYP_FirstBlood/Content/AnimStarterPack/Crouch_Idle_Rifle_Ironsights.uasset" 753
"C:/Users/Ian/Documents/GitHub/FYP-FirstBlood/FYP_FirstBlood/Content/AnimStarterPack/Showcase.umap" 754
"C:/Users/Ian/Documents/GitHub/FYP-FirstBlood/FYP_FirstBlood/Content/MainMenu/T_UnrealEngineSplash.uasset" 755
"C:/Users/Ian/Documents/GitHub/FYP-FirstBlood/FYP_FirstBlood/Content/MainMenu/T_TeessideUniversitySplash.uasset" 756
"C:/Users/Ian/Documents/GitHub/FYP-FirstBlood/FYP_FirstBlood/Content/MainMenu/T_QuixelSplash.uasset" 757
"C:/Users/Ian/Documents/GitHub/FYP-FirstBlood/FYP_FirstBlood/Content/MainMenu/LOGO.uasset" 758
"C:/Users/Ian/Documents/GitHub/FYP-FirstBlood/FYP_FirstBlood/Content/MainMenu/BackgroundScrenshot.uasset" 759
"C:/Users/Ian/Documents/GitHub/FYP-FirstBlood/FYP_FirstBlood/Content/MainMenu/MainMenuUI.uasset" 760
"C:/Users/Ian/Documents/GitHub/FYP-FirstBlood/FYP_FirstBlood/Content/MainMenu/MainMenu.umap" 761
"C:/Users/Ian/Documents/GitHub/FYP-FirstBlood/FYP_FirstBlood/Content/Meshes/FPS_Weapon_Bundle/Weapons/Meshes/SMG11/SM_SMG11_Mag_X.uasset" 762
"C:/Users/Ian/Documents/GitHub/FYP-FirstBlood/FYP_FirstBlood/Content/Meshes/FPS_Weapon_Bundle/Weapons/Meshes/SMG11/SM_SMG11_Mag_Empty_X.uasset" 763
"C:/Users/Ian/Documents/GitHub/FYP-FirstBlood/FYP_FirstBlood/Content/Meshes/FPS_Weapon_Bundle/Weapons/Meshes/SMG11/SK_SMG11_Y_Skeleton.uasset" 764
"C:/Users/Ian/Documents/GitHub/FYP-FirstBlood/FYP_FirstBlood/Content/Meshes/FPS_Weapon_Bundle/Weapons/Meshes/SMG11/SK_SMG11_Y_Physics.uasset" 765
"C:/Users/Ian/Documents/GitHub/FYP-FirstBlood/FYP_FirstBlood/Content/Meshes/FPS_Weapon_Bundle/Weapons/Meshes/SMG11/SK_SMG11_Y.uasset" 766
"C:/Users/Ian/Documents/GitHub/FYP-FirstBlood/FYP_FirstBlood/Content/Meshes/FPS_Weapon_Bundle/Weapons/Meshes/SMG11/SK_SMG11_Nostock_Y_Skeleton.uasset" 767
"C:/Users/Ian/Documents/GitHub/FYP-FirstBlood/FYP_FirstBlood/Content/Meshes/FPS_Weapon_Bundle/Weapons/Meshes/SMG11/SK_SMG11_Nostock_Y_Physics.uasset" 768
"C:/Users/Ian/Documents/GitHub/FYP-FirstBlood/FYP_FirstBlood/Content/Meshes/FPS_Weapon_Bundle/Weapons/Meshes/SMG11/SK_SMG11_Nostock_Y.uasset" 769
"C:/Users/Ian/Documents/GitHub/FYP-FirstBlood/FYP_FirstBlood/Content/Meshes/FPS_Weapon_Bundle/Weapons/Meshes/M9_Knife/SK_M9_Knife_X_Skeleton.uasset" 770
"C:/Users/Ian/Documents/GitHub/FYP-FirstBlood/FYP_FirstBlood/Content/Meshes/FPS_Weapon_Bundle/Weapons/Meshes/M9_Knife/SK_M9_Knife_X_Physics.uasset" 771
"C:/Users/Ian/Documents/GitHub/FYP-FirstBlood/FYP_FirstBlood/Content/Meshes/FPS_Weapon_Bundle/Weapons/Meshes/M9_Knife/SK_M9_Knife_X.uasset" 772
"C:/Users/Ian/Documents/GitHub/FYP-FirstBlood/FYP_FirstBlood/Content/Meshes/FPS_Weapon_Bundle/Weapons/Meshes/KA_Val/SM_KA_Val_Mag_Y.uasset" 773
"C:/Users/Ian/Documents/GitHub/FYP-FirstBlood/FYP_FirstBlood/Content/Meshes/FPS_Weapon_Bundle/Weapons/Meshes/KA_Val/SM_KA_Val_MAG_Loaded_Y.uasset" 774
"C:/Users/Ian/Documents/GitHub/FYP-FirstBlood/FYP_FirstBlood/Content/Meshes/FPS_Weapon_Bundle/Weapons/Meshes/KA_Val/SK_KA_Val_Y_Skeleton.uasset" 775
"C:/Users/Ian/Documents/GitHub/FYP-FirstBlood/FYP_FirstBlood/Content/Meshes/FPS_Weapon_Bundle/Weapons/Meshes/KA_Val/SK_KA_Val_Y_Physics.uasset" 776
"C:/Users/Ian/Documents/GitHub/FYP-FirstBlood/FYP_FirstBlood/Content/Meshes/FPS_Weapon_Bundle/Weapons/Meshes/KA_Val/SK_KA_Val_Y.uasset" 777
"C:/Users/Ian/Documents/GitHub/FYP-FirstBlood/FYP_FirstBlood/Content/Meshes/FPS_Weapon_Bundle/Weapons/Meshes/KA74U/SM_KA74U_Mag_X.uasset" 778
"C:/Users/Ian/Documents/GitHub/FYP-FirstBlood/FYP_FirstBlood/Content/Meshes/FPS_Weapon_Bundle/Weapons/Meshes/KA74U/SM_KA74U_Mag_Empty_X.uasset" 779
"C:/Users/Ian/Documents/GitHub/FYP-FirstBlood/FYP_FirstBlood/Content/Meshes/FPS_Weapon_Bundle/Weapons/Meshes/KA74U/SK_KA74U_Y_Skeleton.uasset" 780
"C:/Users/Ian/Documents/GitHub/FYP-FirstBlood/FYP_FirstBlood/Content/Meshes/FPS_Weapon_Bundle/Weapons/Meshes/KA74U/SK_KA74U_Y_Physics.uasset" 781
"C:/Users/Ian/Documents/GitHub/FYP-FirstBlood/FYP_FirstBlood/Content/Meshes/FPS_Weapon_Bundle/Weapons/Meshes/KA74U/SK_KA74U_Y.uasset" 782
"C:/Users/Ian/Documents/GitHub/FYP-FirstBlood/FYP_FirstBlood/Content/Meshes/FPS_Weapon_Bundle/Weapons/Meshes/Ka47/SM_KA47_Mag_Empty.uasset" 783
"C:/Users/Ian/Documents/GitHub/FYP-FirstBlood/FYP_FirstBlood/Content/Meshes/FPS_Weapon_Bundle/Weapons/Meshes/Ka47/SM_KA47_Mag.uasset" 784
"C:/Users/Ian/Documents/GitHub/FYP-FirstBlood/FYP_FirstBlood/Content/Meshes/FPS_Weapon_Bundle/Weapons/Meshes/Ka47/SK_KA47_Skeleton.uasset" 785
"C:/Users/Ian/Documents/GitHub/FYP-FirstBlood/FYP_FirstBlood/Content/Meshes/FPS_Weapon_Bundle/Weapons/Meshes/Ka47/SK_KA47_Physics.uasset" 786
"C:/Users/Ian/Documents/GitHub/FYP-FirstBlood/FYP_FirstBlood/Content/Meshes/FPS_Weapon_Bundle/Weapons/Meshes/Ka47/SK_KA47.uasset" 787
"C:/Users/Ian/Documents/GitHub/FYP-FirstBlood/FYP_FirstBlood/Content/Meshes/FPS_Weapon_Bundle/Weapons/Meshes/G67_Grenade/SK_G67_X_Skeleton.uasset" 788
"C:/Users/Ian/Documents/GitHub/FYP-FirstBlood/FYP_FirstBlood/Content/Meshes/FPS_Weapon_Bundle/Weapons/Meshes/G67_Grenade/SK_G67_X_Physics.uasset" 789
"C:/Users/Ian/Documents/GitHub/FYP-FirstBlood/FYP_FirstBlood/Content/Meshes/FPS_Weapon_Bundle/Weapons/Meshes/G67_Grenade/SK_G67_X.uasset" 790
"C:/Users/Ian/Documents/GitHub/FYP-FirstBlood/FYP_FirstBlood/Content/Meshes/FPS_Weapon_Bundle/Weapons/Meshes/AR4/SM_AR4_Mag_Empty.uasset" 791
"C:/Users/Ian/Documents/GitHub/FYP-FirstBlood/FYP_FirstBlood/Content/Meshes/FPS_Weapon_Bundle/Weapons/Meshes/AR4/SM_AR4_Mag.uasset" 792
"C:/Users/Ian/Documents/GitHub/FYP-FirstBlood/FYP_FirstBlood/Content/Meshes/FPS_Weapon_Bundle/Weapons/Meshes/AR4/SK_AR4_Skeleton.uasset" 793
"C:/Users/Ian/Documents/GitHub/FYP-FirstBlood/FYP_FirstBlood/Content/Meshes/FPS_Weapon_Bundle/Weapons/Meshes/AR4/SK_AR4_Physics.uasset" 794
"C:/Users/Ian/Documents/GitHub/FYP-FirstBlood/FYP_FirstBlood/Content/Meshes/FPS_Weapon_Bundle/Weapons/Meshes/AR4/SK_AR4.uasset" 795
"C:/Users/Ian/Documents/GitHub/FYP-FirstBlood/FYP_FirstBlood/Content/Meshes/FPS_Weapon_Bundle/Weapons/Textures/Ammunition/T_9x18_NRM.uasset" 796
"C:/Users/Ian/Documents/GitHub/FYP-FirstBlood/FYP_FirstBlood/Content/Meshes/FPS_Weapon_Bundle/Weapons/Textures/Ammunition/T_9x18_M_MSK.uasset" 797
"C:/Users/Ian/Documents/GitHub/FYP-FirstBlood/FYP_FirstBlood/Content/Meshes/FPS_Weapon_Bundle/Weapons/Textures/Ammunition/T_9x18_ALB.uasset" 798
"C:/Users/Ian/Documents/GitHub/FYP-FirstBlood/FYP_FirstBlood/Content/Meshes/FPS_Weapon_Bundle/Weapons/Materials/Ammunition/M_9x18.uasset" 799
"C:/Users/Ian/Documents/GitHub/FYP-FirstBlood/FYP_FirstBlood/Content/Meshes/FPS_Weapon_Bundle/Weapons/Meshes/Ammunition/SM_Shell_9x18_Empty.uasset" 800
"C:/Users/Ian/Documents/GitHub/FYP-FirstBlood/FYP_FirstBlood/Content/Meshes/FPS_Weapon_Bundle/Weapons/Meshes/Ammunition/SM_Shell_9x18.uasset" 801
"C:/Users/Ian/Documents/GitHub/FYP-FirstBlood/FYP_FirstBlood/Content/Meshes/FPS_Weapon_Bundle/Weapons/Meshes/Ammunition/SM_Shell_9mm_Empty.uasset" 802
"C:/Users/Ian/Documents/GitHub/FYP-FirstBlood/FYP_FirstBlood/Content/Meshes/FPS_Weapon_Bundle/Weapons/Meshes/Ammunition/SM_Shell_9mm.uasset" 803
"C:/Users/Ian/Documents/GitHub/FYP-FirstBlood/FYP_FirstBlood/Content/Meshes/FPS_Weapon_Bundle/Weapons/Meshes/Ammunition/SM_Shell_762x51_Empty.uasset" 804
"C:/Users/Ian/Documents/GitHub/FYP-FirstBlood/FYP_FirstBlood/Content/Meshes/FPS_Weapon_Bundle/Weapons/Meshes/Ammunition/SM_Shell_762x51.uasset" 805
"C:/Users/Ian/Documents/GitHub/FYP-FirstBlood/FYP_FirstBlood/Content/Meshes/FPS_Weapon_Bundle/Weapons/Meshes/Ammunition/SM_Shell_762x39_Empty.uasset" 806
"C:/Users/Ian/Documents/GitHub/FYP-FirstBlood/FYP_FirstBlood/Content/Meshes/FPS_Weapon_Bundle/Weapons/Meshes/Ammunition/SM_Shell_762x39.uasset" 807
"C:/Users/Ian/Documents/GitHub/FYP-FirstBlood/FYP_FirstBlood/Content/Meshes/FPS_Weapon_Bundle/Weapons/Meshes/Ammunition/SM_Shell_556x45.uasset" 808
"C:/Users/Ian/Documents/GitHub/FYP-FirstBlood/FYP_FirstBlood/Content/Meshes/FPS_Weapon_Bundle/Weapons/Meshes/Ammunition/SM_Shell_545x39_Empty.uasset" 809
"C:/Users/Ian/Documents/GitHub/FYP-FirstBlood/FYP_FirstBlood/Content/Meshes/FPS_Weapon_Bundle/Weapons/Meshes/Ammunition/SM_Shell_545x39.uasset" 810
"C:/Users/Ian/Documents/GitHub/FYP-FirstBlood/FYP_FirstBlood/Content/Meshes/FPS_Weapon_Bundle/Weapons/Textures/Ammunition/T_45ap_NRM.uasset" 811
"C:/Users/Ian/Documents/GitHub/FYP-FirstBlood/FYP_FirstBlood/Content/Meshes/FPS_Weapon_Bundle/Weapons/Textures/Ammunition/T_45ap_M_MSK.uasset" 812
"C:/Users/Ian/Documents/GitHub/FYP-FirstBlood/FYP_FirstBlood/Content/Meshes/FPS_Weapon_Bundle/Weapons/Textures/Ammunition/T_45ap_ALB.uasset" 813
"C:/Users/Ian/Documents/GitHub/FYP-FirstBlood/FYP_FirstBlood/Content/Meshes/FPS_Weapon_Bundle/Weapons/Materials/Ammunition/M_45ap.uasset" 814
"C:/Users/Ian/Documents/GitHub/FYP-FirstBlood/FYP_FirstBlood/Content/Meshes/FPS_Weapon_Bundle/Weapons/Meshes/Ammunition/SM_Shell_45ap_Empty.uasset" 815
"C:/Users/Ian/Documents/GitHub/FYP-FirstBlood/FYP_FirstBlood/Content/Meshes/FPS_Weapon_Bundle/Weapons/Meshes/Ammunition/SM_Shell_45ap.uasset" 816
"C:/Users/Ian/Documents/GitHub/FYP-FirstBlood/FYP_FirstBlood/Content/Meshes/FPS_Weapon_Bundle/Weapons/Textures/Ammunition/T_40mm_Grenade_NRM.uasset" 817
"C:/Users/Ian/Documents/GitHub/FYP-FirstBlood/FYP_FirstBlood/Content/Meshes/FPS_Weapon_Bundle/Weapons/Textures/Ammunition/T_40mm_Grenade_M_MSK.uasset" 818
"C:/Users/Ian/Documents/GitHub/FYP-FirstBlood/FYP_FirstBlood/Content/Meshes/FPS_Weapon_Bundle/Weapons/Textures/Ammunition/T_40mm_Grenade_ALB.uasset" 819
"C:/Users/Ian/Documents/GitHub/FYP-FirstBlood/FYP_FirstBlood/Content/Meshes/FPS_Weapon_Bundle/Weapons/Materials/Ammunition/M_40mm_Grenade.uasset" 820
"C:/Users/Ian/Documents/GitHub/FYP-FirstBlood/FYP_FirstBlood/Content/Meshes/FPS_Weapon_Bundle/Weapons/Meshes/Ammunition/SM_Shell_40mm_G_Empty.uasset" 821
"C:/Users/Ian/Documents/GitHub/FYP-FirstBlood/FYP_FirstBlood/Content/Meshes/FPS_Weapon_Bundle/Weapons/Meshes/Ammunition/SM_Shell_40mm_G.uasset" 822
"C:/Users/Ian/Documents/GitHub/FYP-FirstBlood/FYP_FirstBlood/Content/Meshes/FPS_Weapon_Bundle/Weapons/Textures/Ammunition/T_12Gauge_NRM.uasset" 823
"C:/Users/Ian/Documents/GitHub/FYP-FirstBlood/FYP_FirstBlood/Content/Meshes/FPS_Weapon_Bundle/Weapons/Textures/Ammunition/T_12Gauge_M_MSK.uasset" 824
"C:/Users/Ian/Documents/GitHub/FYP-FirstBlood/FYP_FirstBlood/Content/Meshes/FPS_Weapon_Bundle/Weapons/Textures/Ammunition/T_12Gauge_ALB.uasset" 825
"C:/Users/Ian/Documents/GitHub/FYP-FirstBlood/FYP_FirstBlood/Content/Meshes/FPS_Weapon_Bundle/Weapons/Materials/Ammunition/M_Ammo_12gauge.uasset" 826
"C:/Users/Ian/Documents/GitHub/FYP-FirstBlood/FYP_FirstBlood/Content/Meshes/FPS_Weapon_Bundle/Weapons/Meshes/Ammunition/SM_Shell_12Gauge_Empty.uasset" 827
"C:/Users/Ian/Documents/GitHub/FYP-FirstBlood/FYP_FirstBlood/Content/Meshes/FPS_Weapon_Bundle/Weapons/Meshes/Ammunition/SM_Shell_12Gauge.uasset" 828
"C:/Users/Ian/Documents/GitHub/FYP-FirstBlood/FYP_FirstBlood/Content/Meshes/FPS_Weapon_Bundle/Weapons/Meshes/Accessories/SM_Vertgrip.uasset" 829
"C:/Users/Ian/Documents/GitHub/FYP-FirstBlood/FYP_FirstBlood/Content/Meshes/FPS_Weapon_Bundle/Weapons/Materials/RDS/M_RDS_Glass.uasset" 830
"C:/Users/Ian/Documents/GitHub/FYP-FirstBlood/FYP_FirstBlood/Content/Meshes/FPS_Weapon_Bundle/Weapons/Textures/Accessories/T_Tc4_NRM.uasset" 831
"C:/Users/Ian/Documents/GitHub/FYP-FirstBlood/FYP_FirstBlood/Content/Meshes/FPS_Weapon_Bundle/Weapons/Textures/Accessories/T_Tc4_M_MSK.uasset" 832
"C:/Users/Ian/Documents/GitHub/FYP-FirstBlood/FYP_FirstBlood/Content/Meshes/FPS_Weapon_Bundle/Weapons/Textures/Accessories/T_Tc4_ALB.uasset" 833
"C:/Users/Ian/Documents/GitHub/FYP-FirstBlood/FYP_FirstBlood/Content/Meshes/FPS_Weapon_Bundle/Weapons/Materials/Accessories/M_Tc4_Sight.uasset" 834
"C:/Users/Ian/Documents/GitHub/FYP-FirstBlood/FYP_FirstBlood/Content/Meshes/FPS_Weapon_Bundle/Weapons/Meshes/Accessories/SM_T4_Sight.uasset" 835
"C:/Users/Ian/Documents/GitHub/FYP-FirstBlood/FYP_FirstBlood/Content/Meshes/FPS_Weapon_Bundle/Weapons/Textures/Accessories/T_Suppressor5_NRM.uasset" 836
"C:/Users/Ian/Documents/GitHub/FYP-FirstBlood/FYP_FirstBlood/Content/Meshes/FPS_Weapon_Bundle/Weapons/Textures/Accessories/T_Suppressor5_M_MSK.uasset" 837
"C:/Users/Ian/Documents/GitHub/FYP-FirstBlood/FYP_FirstBlood/Content/Meshes/FPS_Weapon_Bundle/Weapons/Textures/Accessories/T_Suppressor5_ALB.uasset" 838
"C:/Users/Ian/Documents/GitHub/FYP-FirstBlood/FYP_FirstBlood/Content/Meshes/FPS_Weapon_Bundle/Weapons/Materials/Accessories/M_Suppressor5.uasset" 839
"C:/Users/Ian/Documents/GitHub/FYP-FirstBlood/FYP_FirstBlood/Content/Meshes/FPS_Weapon_Bundle/Weapons/Meshes/Accessories/SM_Suppressor5.uasset" 840
"C:/Users/Ian/Documents/GitHub/FYP-FirstBlood/FYP_FirstBlood/Content/Meshes/FPS_Weapon_Bundle/Weapons/Materials/Accessories/M_Scope_25x56_Lens_NoAlpha.uasset" 841
"C:/Users/Ian/Documents/GitHub/FYP-FirstBlood/FYP_FirstBlood/Content/Meshes/FPS_Weapon_Bundle/Weapons/Meshes/Accessories/SM_Scope_25x56_Y.uasset" 842
"C:/Users/Ian/Documents/GitHub/FYP-FirstBlood/FYP_FirstBlood/Content/Meshes/FPS_Weapon_Bundle/Weapons/Meshes/Ammunition/SM_Shell_556x45_Empty.uasset" 843
"C:/Users/Ian/Documents/GitHub/FYP-FirstBlood/FYP_FirstBlood/Content/Meshes/FPS_Weapon_Bundle/Maps/Weapons_Showcase.umap" 844
"../../../Engine/Content/Maps/Entry_BuiltData.uasset" 845
"../../../Engine/Content/Maps/Entry.umap" 846
